[2015-05-22 11:25:53] START
[2015-05-22 11:38:23] EDIT IPOP/views/layout.html: -115
[2015-05-22 11:41:12] EDIT IPOP/views/layout.html: 0
[2015-05-22 11:41:14] EDIT IPOP/views/layout.html: 0
[2015-05-22 11:41:58] EDIT IPOP/views/default/index.html: -40
[2015-05-22 11:42:33] EDIT IPOP/views/default/index.html: -3
[2015-05-22 11:43:27] EDIT IPOP/views/default/index.html: -1
[2015-05-22 11:46:23] EDIT IPOP/views/layout.html: 0
[2015-05-22 11:48:07] EDIT IPOP/views/default/index.html: 0
[2015-05-22 11:50:11] EDIT IPOP/views/default/index.html: 2
[2015-05-22 11:51:27] EDIT IPOP/views/default/index.html: 3
[2015-05-22 11:52:37] EDIT IPOP/views/default/index.html: 0
[2015-05-22 11:53:24] EDIT IPOP/views/default/index.html: 0
[2015-05-22 11:53:32] EDIT IPOP/views/default/index.html: 0
[2015-05-22 11:54:40] EDIT IPOP/views/default/index.html: 0
[2015-05-22 11:55:13] EDIT IPOP/views/default/index.html: 1
[2015-05-22 11:55:27] EDIT IPOP/views/default/index.html: 0
[2015-05-22 11:58:12] EDIT IPOP/views/default/index.html: -2
[2015-05-22 11:58:24] EDIT IPOP/views/default/index.html: 0
[2015-05-22 11:59:36] EDIT IPOP/views/default/index.html: 1
[2015-05-22 11:59:57] EDIT IPOP/views/default/index.html: 0
[2015-05-22 12:00:01] EDIT IPOP/views/default/index.html: 0
[2015-05-22 12:00:41] EDIT IPOP/views/default/index.html: 0
[2015-05-22 12:00:53] EDIT IPOP/views/default/index.html: 3
[2015-05-22 12:05:16] EDIT IPOP/views/default/index.html: 3
[2015-05-22 12:05:45] EDIT IPOP/views/default/index.html: 0
[2015-05-22 12:05:46] EDIT IPOP/views/default/index.html: 0
[2015-05-22 12:07:22] EDIT IPOP/views/default/index.html: 0
[2015-05-22 12:08:16] EDIT IPOP/views/default/index.html: 0
[2015-05-22 12:08:46] EDIT IPOP/views/default/index.html: 0
[2015-05-22 12:08:59] EDIT IPOP/views/default/index.html: 1
[2015-05-22 12:09:31] EDIT IPOP/views/default/index.html: 0
[2015-05-22 12:10:19] EDIT IPOP/views/default/index.html: 0
[2015-05-22 12:11:57] EDIT IPOP/views/default/index.html: 1
[2015-05-22 12:12:44] EDIT IPOP/views/default/index.html: 0
[2015-05-22 12:14:36] EDIT IPOP/views/default/index.html: 3
[2015-05-22 12:16:49] EDIT IPOP/views/default/index.html: 6
[2015-05-22 12:16:52] EDIT IPOP/views/default/index.html: 0
[2015-05-22 12:17:30] EDIT IPOP/views/default/index.html: -1
[2015-05-22 12:17:46] EDIT IPOP/views/default/index.html: 1
[2015-05-22 12:28:04] EDIT IPOP/views/default/index.html: 7
[2015-05-22 12:28:16] EDIT IPOP/views/default/index.html: 0
[2015-05-22 12:28:16] EDIT IPOP/views/default/index.html: 0
[2015-05-22 12:30:02] EDIT IPOP/views/default/index.html: 13
[2015-05-22 12:30:10] EDIT IPOP/views/default/index.html: -1
[2015-05-22 12:32:29] EDIT IPOP/views/default/index.html: -3
[2015-05-22 12:32:30] EDIT IPOP/views/default/index.html: 0
[2015-05-22 12:32:37] EDIT IPOP/views/default/index.html: 0
[2015-05-22 12:35:05] EDIT IPOP/views/default/index.html: 0
[2015-05-22 12:35:16] EDIT IPOP/views/default/index.html: 0
[2015-05-22 12:35:23] EDIT IPOP/views/default/index.html: 0
[2015-05-22 12:38:03] EDIT IPOP/views/default/index.html: 1
[2015-05-22 12:39:48] EDIT IPOP/views/default/index.html: 0
[2015-05-22 12:44:09] EDIT IPOP/views/default/index.html: 3
[2015-05-22 12:44:17] EDIT IPOP/views/default/index.html: 0
[2015-05-22 12:44:26] EDIT IPOP/views/default/index.html: 0
[2015-05-22 12:53:27] EDIT IPOP/views/default/index.html: 0
[2015-05-22 12:54:06] EDIT IPOP/views/default/index.html: 0
[2015-05-22 12:54:43] EDIT IPOP/views/default/index.html: 0
[2015-05-22 12:54:45] EDIT IPOP/views/default/index.html: 0
[2015-05-22 12:55:25] EDIT IPOP/views/default/index.html: 0
[2015-05-22 12:58:49] EDIT IPOP/views/default/index.html: 1
[2015-05-22 12:59:50] EDIT IPOP/views/default/index.html: 1
[2015-05-22 13:00:05] EDIT IPOP/views/default/index.html: 1
[2015-05-22 13:00:20] EDIT IPOP/views/default/index.html: 0
[2015-05-22 13:01:30] EDIT IPOP/views/default/index.html: 1
[2015-05-22 13:01:31] EDIT IPOP/views/default/index.html: 0
[2015-05-22 13:04:09] EDIT IPOP/views/default/index.html: 2
[2015-05-22 13:04:28] EDIT IPOP/views/default/index.html: 0
[2015-05-22 13:06:07] EDIT IPOP/views/default/index.html: 0
[2015-05-22 13:07:57] EDIT IPOP/views/default/index.html: 0
[2015-05-22 13:07:58] EDIT IPOP/views/default/index.html: 0
[2015-05-22 13:12:18] EDIT IPOP/views/default/index.html: 4
[2015-05-22 13:12:19] EDIT IPOP/views/default/index.html: 0
[2015-05-22 13:12:25] EDIT IPOP/views/default/index.html: 0
[2015-05-22 13:14:05] EDIT IPOP/views/default/index.html: 0
[2015-05-22 13:14:29] EDIT IPOP/views/default/index.html: 0
[2015-05-22 13:15:07] EDIT IPOP/views/default/index.html: 0
[2015-05-22 13:15:10] EDIT IPOP/views/default/index.html: 0
[2015-05-22 13:15:11] EDIT IPOP/views/default/index.html: 0
[2015-05-22 13:15:24] EDIT IPOP/views/default/index.html: 0
[2015-05-22 13:15:30] EDIT IPOP/views/default/index.html: 0
[2015-05-22 13:15:37] EDIT IPOP/views/default/index.html: 0
[2015-05-22 13:15:47] EDIT IPOP/views/default/index.html: 0
[2015-05-22 13:16:03] EDIT IPOP/views/default/index.html: 0
[2015-05-22 13:16:04] EDIT IPOP/views/default/index.html: 0
[2015-05-22 13:16:21] EDIT IPOP/views/default/index.html: 0
[2015-05-22 13:20:54] EDIT IPOP/views/default/index.html: 1
[2015-05-22 13:20:57] EDIT IPOP/views/default/index.html: 0
[2015-05-22 13:20:58] EDIT IPOP/views/default/index.html: 0
[2015-05-22 13:22:47] EDIT IPOP/views/default/index.html: 0
[2015-05-22 13:22:53] EDIT IPOP/views/default/index.html: 0
[2015-05-22 13:22:57] EDIT IPOP/views/default/index.html: 0
[2015-05-22 13:26:20] EDIT IPOP/views/default/index.html: 0
[2015-05-22 13:26:22] EDIT IPOP/views/default/index.html: 0
[2015-05-22 13:27:38] EDIT IPOP/views/default/index.html: 0
[2015-05-22 13:28:26] EDIT IPOP/views/default/index.html: 4
[2015-05-22 13:28:58] EDIT IPOP/views/default/index.html: 0
[2015-05-22 13:29:07] EDIT IPOP/views/default/index.html: 0
[2015-05-22 13:29:34] EDIT IPOP/views/default/index.html: 1
[2015-05-22 13:29:35] EDIT IPOP/views/default/index.html: 0
[2015-05-22 13:29:52] EDIT IPOP/views/default/index.html: 1
[2015-05-22 13:29:54] EDIT IPOP/views/default/index.html: 0
[2015-05-22 13:33:46] EDIT IPOP/views/default/index.html: -1
[2015-05-22 13:34:02] EDIT IPOP/views/default/index.html: 0
[2015-05-22 13:34:11] EDIT IPOP/views/default/index.html: 4
[2015-05-22 13:36:44] EDIT IPOP/views/default/index.html: 1
[2015-05-22 13:37:28] EDIT IPOP/views/default/index.html: 0
[2015-05-22 13:37:41] EDIT IPOP/views/default/index.html: 0
[2015-05-22 13:38:09] EDIT IPOP/views/default/index.html: 0
[2015-05-22 13:38:19] EDIT IPOP/views/default/index.html: 0
[2015-05-22 13:38:33] EDIT IPOP/views/default/index.html: 1
[2015-05-22 13:39:36] EDIT IPOP/views/default/index.html: 0
[2015-05-22 13:40:02] EDIT IPOP/views/default/index.html: 4
[2015-05-22 13:40:41] EDIT IPOP/views/default/index.html: 0
[2015-05-22 13:41:01] EDIT IPOP/views/default/index.html: 0
[2015-05-22 13:41:40] EDIT IPOP/views/default/index.html: -1
[2015-05-22 13:41:54] EDIT IPOP/views/default/index.html: 0
[2015-05-22 13:42:06] EDIT IPOP/views/default/index.html: 4
[2015-05-22 13:42:07] EDIT IPOP/views/default/index.html: 0
[2015-05-22 13:42:11] EDIT IPOP/views/default/index.html: 0
[2015-05-22 13:43:51] EDIT IPOP/views/default/index.html: 1
[2015-05-22 13:44:02] EDIT IPOP/views/default/index.html: 0
[2015-05-22 13:44:15] EDIT IPOP/views/default/index.html: 0
[2015-05-22 13:44:25] EDIT IPOP/views/default/index.html: 0
[2015-05-22 13:45:21] EDIT IPOP/views/default/index.html: 0
[2015-05-22 22:00:05] EDIT IPOP/views/default/index.html: 0
[2015-05-22 22:00:17] EDIT IPOP/views/default/index.html: 0
[2015-05-22 22:00:58] EDIT IPOP/views/default/index.html: 0
[2015-05-22 22:01:46] EDIT IPOP/views/default/index.html: 0
[2015-05-22 22:01:50] EDIT IPOP/views/default/index.html: 0
[2015-05-22 22:01:58] EDIT IPOP/views/default/index.html: 1
[2015-05-22 22:04:05] EDIT IPOP/views/default/index.html: 0
[2015-05-22 22:05:35] EDIT IPOP/views/default/index.html: 0
[2015-05-22 22:06:22] EDIT IPOP/views/default/index.html: 1
[2015-05-22 22:07:17] EDIT IPOP/views/default/index.html: 1
[2015-05-22 22:07:57] EDIT IPOP/views/default/index.html: 1
[2015-05-22 22:08:35] EDIT IPOP/views/default/index.html: -1
[2015-05-22 22:35:48] EDIT IPOP/views/default/index.html: 0
[2015-05-22 22:53:38] EDIT IPOP/views/default/index.html: 0
[2015-05-22 23:21:00] EDIT IPOP/views/default/index.html: 1
[2015-05-22 23:21:07] EDIT IPOP/views/default/index.html: 0
[2015-05-22 23:21:54] EDIT IPOP/views/default/index.html: 0
[2015-05-22 23:22:05] EDIT IPOP/views/default/index.html: -2
[2015-05-22 23:22:06] EDIT IPOP/views/default/index.html: 0
[2015-05-22 23:22:52] EDIT IPOP/controllers/default.py: 4
[2015-05-22 23:23:25] EDIT IPOP/controllers/default.py: 1
[2015-05-22 23:23:51] EDIT IPOP/controllers/default.py: 0
[2015-05-31 09:49:40] DELETE IPOP/static/css/bootstrap-theme.min.css: -5
[2015-05-31 09:49:49] DELETE IPOP/static/css/bootstrap.min.css: -5
[2015-05-31 09:49:57] DELETE IPOP/static/css/web2py-bootstrap3.css: -305
[2015-05-31 09:50:16] DELETE IPOP/static/images/background.jpg: -1088
[2015-05-31 09:50:37] DELETE IPOP/static/images/facebook.png: -10
[2015-05-31 09:51:45] DELETE IPOP/static/images/favicon.ico: -1
[2015-05-31 09:51:55] DELETE IPOP/static/images/favicon.png: -4
[2015-05-31 10:56:43] CREATE default/monitor.html: 0
[2015-05-31 10:56:59] EDIT IPOP/views/default/monitor.html: 77
[2015-05-31 10:57:08] EDIT IPOP/views/default/monitor.html: -1
[2015-05-31 10:58:57] EDIT IPOP/views/default/index.html: -75
[2015-05-31 21:16:37] EDIT IPOP/controllers/default.py: 0
[2015-05-31 21:33:01] EDIT IPOP/controllers/default.py: 1
[2015-05-31 21:33:06] EDIT IPOP/controllers/default.py: 0
[2015-05-31 21:33:15] EDIT IPOP/controllers/default.py: 1
[2015-05-31 21:34:11] EDIT IPOP/controllers/default.py: 1
[2015-05-31 21:34:32] EDIT IPOP/controllers/default.py: 0
[2015-05-31 21:34:34] EDIT IPOP/controllers/default.py: 0
[2015-05-31 21:34:42] EDIT IPOP/controllers/default.py: -1
[2015-05-31 21:35:18] CREATE default/creategvpn.html: 0
[2015-05-31 21:35:42] EDIT IPOP/views/default/creategvpn.html: 0
[2015-05-31 21:36:32] EDIT IPOP/views/default/creategvpn.html: -2
[2015-05-31 21:36:53] EDIT IPOP/views/default/creategvpn.html: 0
[2015-05-31 21:38:51] EDIT IPOP/views/default/creategvpn.html: 2
[2015-05-31 21:39:44] EDIT IPOP/views/default/creategvpn.html: 1
[2015-05-31 21:40:20] EDIT IPOP/views/default/creategvpn.html: 0
[2015-05-31 21:40:30] EDIT IPOP/views/default/creategvpn.html: 0
[2015-05-31 21:42:09] EDIT IPOP/views/default/creategvpn.html: 0
[2015-05-31 21:43:18] EDIT IPOP/views/default/creategvpn.html: 1
[2015-05-31 21:43:20] EDIT IPOP/views/default/creategvpn.html: 0
[2015-05-31 21:47:01] EDIT IPOP/views/default/creategvpn.html: 3
[2015-05-31 21:47:26] EDIT IPOP/views/default/creategvpn.html: -1
[2015-05-31 21:48:15] EDIT IPOP/views/default/creategvpn.html: 0
[2015-05-31 21:48:25] EDIT IPOP/views/default/creategvpn.html: 0
[2015-05-31 21:48:40] EDIT IPOP/views/default/creategvpn.html: 0
[2015-05-31 21:48:45] EDIT IPOP/views/default/creategvpn.html: 0
[2015-05-31 21:55:38] EDIT IPOP/views/default/creategvpn.html: 5
[2015-05-31 21:55:50] EDIT IPOP/views/default/creategvpn.html: 0
[2015-05-31 21:56:01] EDIT IPOP/views/default/creategvpn.html: 0
[2015-05-31 21:56:31] EDIT IPOP/views/default/creategvpn.html: 0
[2015-05-31 21:56:50] EDIT IPOP/views/default/creategvpn.html: 0
[2015-05-31 21:59:50] EDIT IPOP/views/default/creategvpn.html: 0
[2015-05-31 22:00:11] EDIT IPOP/views/default/creategvpn.html: 0
[2015-05-31 22:00:38] EDIT IPOP/views/default/creategvpn.html: 0
[2015-05-31 22:02:17] EDIT IPOP/views/default/creategvpn.html: 1
[2015-05-31 22:02:24] EDIT IPOP/views/default/creategvpn.html: 0
[2015-05-31 22:02:35] EDIT IPOP/views/default/creategvpn.html: 0
[2015-05-31 22:03:49] EDIT IPOP/views/default/creategvpn.html: 0
[2015-05-31 22:06:14] EDIT IPOP/views/default/creategvpn.html: 1
[2015-05-31 22:06:49] EDIT IPOP/views/default/creategvpn.html: 0
[2015-05-31 22:10:59] EDIT IPOP/views/default/creategvpn.html: 1
[2015-05-31 22:11:34] EDIT IPOP/views/default/creategvpn.html: 2
[2015-05-31 22:12:34] EDIT IPOP/views/default/creategvpn.html: 0
[2015-05-31 22:12:44] EDIT IPOP/views/default/creategvpn.html: 0
[2015-05-31 22:14:23] EDIT IPOP/views/default/creategvpn.html: 1
[2015-05-31 22:14:26] EDIT IPOP/views/default/creategvpn.html: 7
[2015-05-31 22:15:06] EDIT IPOP/views/default/creategvpn.html: 1
[2015-05-31 22:15:26] EDIT IPOP/views/default/creategvpn.html: 1
[2015-05-31 22:15:58] EDIT IPOP/views/default/creategvpn.html: 0
[2015-05-31 22:19:31] EDIT IPOP/views/default/creategvpn.html: 0
[2015-05-31 22:20:14] EDIT IPOP/views/default/creategvpn.html: 1
[2015-05-31 22:21:38] EDIT IPOP/views/default/creategvpn.html: 0
[2015-05-31 22:26:02] EDIT IPOP/views/default/creategvpn.html: 4
[2015-05-31 22:26:24] EDIT IPOP/views/default/creategvpn.html: 0
[2015-05-31 22:26:31] EDIT IPOP/views/default/creategvpn.html: 0
[2015-05-31 22:27:32] EDIT IPOP/views/default/creategvpn.html: 0
[2015-05-31 22:28:35] EDIT IPOP/views/default/creategvpn.html: 0
[2015-05-31 22:30:10] EDIT IPOP/views/default/creategvpn.html: 1
[2015-05-31 22:31:08] EDIT IPOP/views/default/creategvpn.html: 0
[2015-05-31 22:32:55] EDIT IPOP/views/default/creategvpn.html: 0
[2015-05-31 22:33:07] EDIT IPOP/views/default/creategvpn.html: 0
[2015-05-31 22:33:15] EDIT IPOP/views/default/creategvpn.html: 0
[2015-05-31 22:34:57] EDIT IPOP/views/default/creategvpn.html: 1
[2015-05-31 22:35:07] EDIT IPOP/views/default/creategvpn.html: 0
[2015-05-31 22:35:29] EDIT IPOP/views/default/creategvpn.html: 0
[2015-05-31 22:35:34] EDIT IPOP/views/default/creategvpn.html: 0
[2015-05-31 22:36:14] EDIT IPOP/views/default/creategvpn.html: -1
[2015-05-31 22:36:20] EDIT IPOP/views/default/creategvpn.html: 0
[2015-05-31 22:37:34] EDIT IPOP/views/default/creategvpn.html: 0
[2015-05-31 22:37:37] EDIT IPOP/views/default/creategvpn.html: 0
[2015-05-31 22:39:31] EDIT IPOP/views/default/creategvpn.html: 1
[2015-05-31 22:39:57] EDIT IPOP/views/default/creategvpn.html: 2
[2015-05-31 22:40:53] EDIT IPOP/views/default/creategvpn.html: 0
[2015-05-31 22:41:05] EDIT IPOP/views/default/creategvpn.html: 0
[2015-05-31 22:43:00] EDIT IPOP/views/default/creategvpn.html: 4
[2015-05-31 22:44:38] EDIT IPOP/views/default/creategvpn.html: -2
[2015-05-31 22:48:44] EDIT IPOP/views/default/creategvpn.html: 0
[2015-05-31 22:49:04] EDIT IPOP/views/default/creategvpn.html: 1
[2015-05-31 22:49:13] EDIT IPOP/views/default/creategvpn.html: 0
[2015-05-31 22:49:45] EDIT IPOP/views/default/creategvpn.html: 1
[2015-05-31 22:50:02] EDIT IPOP/views/default/creategvpn.html: 0
[2015-05-31 22:51:12] EDIT IPOP/views/default/creategvpn.html: 0
[2015-05-31 22:51:13] EDIT IPOP/views/default/creategvpn.html: 0
[2015-05-31 22:51:44] EDIT IPOP/views/default/creategvpn.html: 0
[2015-05-31 22:52:42] EDIT IPOP/views/default/creategvpn.html: -1
[2015-05-31 22:52:57] EDIT IPOP/views/default/creategvpn.html: -1
[2015-05-31 22:53:08] EDIT IPOP/views/default/creategvpn.html: 3
[2015-05-31 22:53:10] EDIT IPOP/views/default/creategvpn.html: 0
[2015-05-31 22:53:25] EDIT IPOP/views/default/creategvpn.html: 0
[2015-05-31 22:54:23] EDIT IPOP/views/default/creategvpn.html: 1
[2015-05-31 22:55:55] EDIT IPOP/views/default/creategvpn.html: 1
[2015-05-31 22:56:22] EDIT IPOP/views/default/creategvpn.html: 0
[2015-05-31 22:57:29] EDIT IPOP/views/default/creategvpn.html: 0
[2015-05-31 22:57:45] EDIT IPOP/views/default/creategvpn.html: 0
[2015-05-31 22:59:29] EDIT IPOP/views/default/creategvpn.html: 0
[2015-05-31 22:59:31] EDIT IPOP/views/default/creategvpn.html: 0
[2015-05-31 22:59:47] EDIT IPOP/views/default/creategvpn.html: 0
[2015-05-31 23:00:04] EDIT IPOP/views/default/creategvpn.html: 0
[2015-05-31 23:00:07] EDIT IPOP/views/default/creategvpn.html: 0
[2015-05-31 23:03:09] EDIT IPOP/views/default/creategvpn.html: 0
[2015-05-31 23:03:55] EDIT IPOP/views/default/creategvpn.html: 0
[2015-05-31 23:07:18] EDIT IPOP/views/default/creategvpn.html: 3
[2015-05-31 23:07:30] EDIT IPOP/views/default/creategvpn.html: 0
[2015-05-31 23:07:35] EDIT IPOP/views/default/creategvpn.html: 0
[2015-05-31 23:07:37] EDIT IPOP/views/default/creategvpn.html: 0
[2015-05-31 23:07:49] EDIT IPOP/views/default/creategvpn.html: -1
[2015-05-31 23:07:51] EDIT IPOP/views/default/creategvpn.html: 0
[2015-05-31 23:08:07] EDIT IPOP/views/default/creategvpn.html: 1
[2015-05-31 23:09:11] EDIT IPOP/views/default/creategvpn.html: 2
[2015-05-31 23:10:01] EDIT IPOP/views/default/creategvpn.html: 1
[2015-05-31 23:10:24] EDIT IPOP/views/default/creategvpn.html: 1
[2015-05-31 23:10:25] EDIT IPOP/views/default/creategvpn.html: 0
[2015-05-31 23:11:40] EDIT IPOP/views/default/creategvpn.html: 2
[2015-05-31 23:13:17] EDIT IPOP/views/default/creategvpn.html: 4
[2015-05-31 23:13:41] EDIT IPOP/views/default/creategvpn.html: 0
[2015-05-31 23:14:36] EDIT IPOP/views/default/creategvpn.html: 0
[2015-05-31 23:16:11] EDIT IPOP/views/default/creategvpn.html: 1
[2015-05-31 23:16:34] EDIT IPOP/views/default/creategvpn.html: 3
[2015-05-31 23:16:51] EDIT IPOP/views/default/creategvpn.html: 1
[2015-05-31 23:17:13] EDIT IPOP/views/default/creategvpn.html: 0
[2015-05-31 23:17:16] EDIT IPOP/views/default/creategvpn.html: 0
[2015-05-31 23:17:27] EDIT IPOP/views/default/creategvpn.html: 2
[2015-05-31 23:17:39] EDIT IPOP/views/default/creategvpn.html: 0
[2015-05-31 23:17:52] EDIT IPOP/views/default/creategvpn.html: 0
[2015-05-31 23:17:57] EDIT IPOP/views/default/creategvpn.html: 0
[2015-05-31 23:19:05] EDIT IPOP/views/default/creategvpn.html: 2
[2015-05-31 23:19:24] EDIT IPOP/views/default/creategvpn.html: 0
[2015-05-31 23:19:33] EDIT IPOP/views/default/creategvpn.html: 0
[2015-05-31 23:21:39] EDIT IPOP/views/default/creategvpn.html: 0
[2015-05-31 23:21:40] EDIT IPOP/views/default/creategvpn.html: 0
[2015-05-31 23:22:15] EDIT IPOP/views/default/creategvpn.html: 1
[2015-05-31 23:22:16] EDIT IPOP/views/default/creategvpn.html: 0
[2015-05-31 23:23:54] EDIT IPOP/views/default/creategvpn.html: 0
[2015-05-31 23:23:55] EDIT IPOP/views/default/creategvpn.html: 0
[2015-05-31 23:24:07] EDIT IPOP/views/default/creategvpn.html: 0
[2015-05-31 23:24:08] EDIT IPOP/views/default/creategvpn.html: 0
[2015-05-31 23:24:24] EDIT IPOP/views/default/creategvpn.html: -1
[2015-05-31 23:25:24] EDIT IPOP/views/default/creategvpn.html: 0
[2015-06-04 19:56:44] EDIT IPOP/views/default/creategvpn.html: 1
[2015-06-04 19:57:25] EDIT IPOP/views/default/creategvpn.html: 0
[2015-06-04 19:57:36] EDIT IPOP/views/default/creategvpn.html: 0
[2015-06-04 19:58:10] EDIT IPOP/views/default/creategvpn.html: 1
[2015-06-04 19:58:41] EDIT IPOP/views/default/creategvpn.html: 0
[2015-06-04 19:58:58] EDIT IPOP/views/default/creategvpn.html: 1
[2015-06-04 19:59:11] EDIT IPOP/views/default/creategvpn.html: 1
[2015-06-04 20:00:28] EDIT IPOP/views/default/creategvpn.html: 0
[2015-06-04 20:00:32] EDIT IPOP/views/default/creategvpn.html: 0
[2015-06-04 20:00:57] EDIT IPOP/views/default/creategvpn.html: 1
[2015-06-04 20:01:47] EDIT IPOP/views/default/creategvpn.html: 0
[2015-06-04 22:14:47] EDIT IPOP/models/db.py: -13
[2015-06-04 22:19:21] EDIT IPOP/models/db.py: 0
[2015-06-04 22:19:44] EDIT IPOP/models/db.py: -3
[2015-06-04 22:20:25] EDIT IPOP/models/db.py: 0
[2015-06-04 22:20:56] EDIT IPOP/models/db.py: 0
[2015-06-04 22:21:02] EDIT IPOP/models/db.py: 0
[2015-06-04 22:21:42] EDIT IPOP/models/db.py: 0
[2015-06-04 22:22:02] EDIT IPOP/models/db.py: 5
[2015-06-04 22:22:22] EDIT IPOP/models/db.py: 0
[2015-06-04 22:22:32] EDIT IPOP/models/db.py: 0
[2015-06-04 22:22:46] EDIT IPOP/models/db.py: 0
[2015-06-04 22:23:12] EDIT IPOP/models/db.py: 0
[2015-06-04 22:24:29] EDIT IPOP/models/db.py: -4
[2015-06-04 22:24:44] EDIT IPOP/models/db.py: 0
[2015-06-04 22:25:49] EDIT IPOP/models/db.py: 0
[2015-06-04 22:26:09] EDIT IPOP/models/db.py: -5
[2015-06-04 22:26:12] EDIT IPOP/models/db.py: 0
[2015-06-04 22:27:41] EDIT IPOP/models/db.py: 0
[2015-06-04 22:32:50] EDIT IPOP/models/db.py: -7
[2015-06-04 22:32:51] EDIT IPOP/models/db.py: 0
[2015-06-04 22:32:51] EDIT IPOP/models/db.py: 0
[2015-06-04 22:32:52] EDIT IPOP/models/db.py: 0
[2015-06-04 22:32:52] EDIT IPOP/models/db.py: 0
[2015-06-04 22:32:52] EDIT IPOP/models/db.py: 0
[2015-06-04 22:32:52] EDIT IPOP/models/db.py: 0
[2015-06-04 22:32:52] EDIT IPOP/models/db.py: 0
[2015-06-04 22:32:52] EDIT IPOP/models/db.py: 0
[2015-06-04 22:32:53] EDIT IPOP/models/db.py: 0
[2015-06-04 22:32:53] EDIT IPOP/models/db.py: 0
[2015-06-04 22:33:33] EDIT IPOP/models/db.py: 1
[2015-06-04 22:33:39] EDIT IPOP/models/db.py: -1
[2015-06-04 22:33:40] EDIT IPOP/models/db.py: 0
[2015-06-04 22:33:40] EDIT IPOP/models/db.py: 0
[2015-06-04 22:33:40] EDIT IPOP/models/db.py: 0
[2015-06-04 22:33:41] EDIT IPOP/models/db.py: 0
[2015-06-04 22:33:41] EDIT IPOP/models/db.py: 0
[2015-06-04 22:33:41] EDIT IPOP/models/db.py: 0
[2015-06-04 22:33:41] EDIT IPOP/models/db.py: 0
[2015-06-04 22:33:41] EDIT IPOP/models/db.py: 0
[2015-06-04 22:33:41] EDIT IPOP/models/db.py: 0
[2015-06-04 22:33:42] EDIT IPOP/models/db.py: 0
[2015-06-04 22:41:00] EDIT IPOP/views/default/creategvpn.html: 0
[2015-06-04 22:41:19] EDIT IPOP/views/default/creategvpn.html: 0
[2015-06-04 22:41:24] EDIT IPOP/views/default/creategvpn.html: 0
[2015-06-04 22:41:57] EDIT IPOP/views/default/creategvpn.html: 2
[2015-06-04 22:54:59] EDIT IPOP/views/default/creategvpn.html: 2
[2015-06-04 22:55:52] EDIT IPOP/views/default/creategvpn.html: 1
[2015-06-04 22:56:13] EDIT IPOP/views/default/creategvpn.html: 1
[2015-06-04 22:56:15] EDIT IPOP/views/default/creategvpn.html: 0
[2015-06-04 22:56:15] EDIT IPOP/views/default/creategvpn.html: 0
[2015-06-04 23:00:11] EDIT IPOP/views/default/creategvpn.html: 1
[2015-06-04 23:00:30] EDIT IPOP/views/default/creategvpn.html: 1
[2015-06-04 23:00:47] EDIT IPOP/views/default/creategvpn.html: 1
[2015-06-04 23:00:51] EDIT IPOP/views/default/creategvpn.html: 0
[2015-06-04 23:00:57] EDIT IPOP/views/default/creategvpn.html: 0
[2015-06-04 23:01:18] EDIT IPOP/views/default/creategvpn.html: 1
[2015-06-04 23:01:47] EDIT IPOP/views/default/creategvpn.html: 0
[2015-06-04 23:01:51] EDIT IPOP/views/default/creategvpn.html: 0
[2015-06-04 23:02:16] EDIT IPOP/views/default/creategvpn.html: 0
[2015-06-04 23:02:29] EDIT IPOP/views/default/creategvpn.html: -1
[2015-06-04 23:02:55] EDIT IPOP/views/default/creategvpn.html: 0
[2015-06-04 23:03:18] EDIT IPOP/views/default/creategvpn.html: 0
[2015-06-04 23:03:33] EDIT IPOP/views/default/creategvpn.html: 0
[2015-06-04 23:04:44] EDIT IPOP/views/default/creategvpn.html: -17
[2015-06-04 23:05:12] EDIT IPOP/views/default/creategvpn.html: -27
[2015-06-04 23:05:26] EDIT IPOP/views/default/creategvpn.html: 0
[2015-06-04 23:05:41] EDIT IPOP/views/default/creategvpn.html: 0
[2015-06-04 23:05:51] EDIT IPOP/views/default/creategvpn.html: 0
[2015-06-04 23:06:42] EDIT IPOP/views/default/creategvpn.html: 0
[2015-06-04 23:06:43] EDIT IPOP/views/default/creategvpn.html: 0
[2015-06-04 23:07:29] EDIT IPOP/views/default/creategvpn.html: 0
[2015-06-04 23:07:36] EDIT IPOP/views/default/creategvpn.html: 0
[2015-06-04 23:09:21] EDIT IPOP/views/default/creategvpn.html: 0
[2015-06-04 23:09:25] EDIT IPOP/views/default/creategvpn.html: 0
[2015-06-04 23:10:18] EDIT IPOP/views/default/creategvpn.html: 2
[2015-06-04 23:10:49] EDIT IPOP/views/default/creategvpn.html: 1
[2015-06-04 23:11:47] EDIT IPOP/views/default/creategvpn.html: 2
[2015-06-04 23:11:50] EDIT IPOP/views/default/creategvpn.html: 0
[2015-06-04 23:12:25] EDIT IPOP/views/default/creategvpn.html: 1
[2015-06-04 23:12:46] EDIT IPOP/views/default/creategvpn.html: 2
[2015-06-04 23:13:16] EDIT IPOP/views/default/creategvpn.html: 2
[2015-06-04 23:13:33] EDIT IPOP/views/default/creategvpn.html: 1
[2015-06-04 23:14:25] EDIT IPOP/views/default/creategvpn.html: 1
[2015-06-04 23:14:48] EDIT IPOP/views/default/creategvpn.html: 1
[2015-06-04 23:15:02] EDIT IPOP/views/default/creategvpn.html: 1
[2015-06-04 23:15:30] EDIT IPOP/views/default/creategvpn.html: 0
[2015-06-04 23:17:48] EDIT IPOP/views/default/creategvpn.html: 0
[2015-06-04 23:18:06] EDIT IPOP/views/default/creategvpn.html: 0
[2015-06-04 23:18:06] EDIT IPOP/views/default/creategvpn.html: 0
[2015-06-04 23:18:46] EDIT IPOP/controllers/default.py: 1
[2015-06-04 23:18:51] EDIT IPOP/controllers/default.py: 0
[2015-06-04 23:19:39] EDIT IPOP/controllers/default.py: 1
[2015-06-04 23:22:48] EDIT IPOP/controllers/default.py: 1
[2015-06-04 23:22:57] EDIT IPOP/controllers/default.py: 0
[2015-06-04 23:23:10] EDIT IPOP/controllers/default.py: 1
[2015-06-04 23:23:13] EDIT IPOP/controllers/default.py: 0
[2015-06-04 23:25:01] EDIT IPOP/views/default/creategvpn.html: 0
[2015-06-04 23:25:19] EDIT IPOP/views/default/creategvpn.html: 0
[2015-06-04 23:25:26] EDIT IPOP/views/default/creategvpn.html: 0
[2015-06-04 23:25:28] EDIT IPOP/views/default/creategvpn.html: 0
[2015-06-04 23:25:49] EDIT IPOP/views/default/creategvpn.html: 0
[2015-06-04 23:28:33] EDIT IPOP/controllers/default.py: -2
[2015-06-04 23:29:20] EDIT IPOP/controllers/default.py: 0
[2015-06-04 23:29:28] EDIT IPOP/controllers/default.py: 0
[2015-06-04 23:30:23] EDIT IPOP/views/default/creategvpn.html: 0
[2015-06-04 23:32:21] EDIT IPOP/views/default/creategvpn.html: 0
[2015-06-04 23:32:30] EDIT IPOP/views/default/creategvpn.html: 0
[2015-06-04 23:32:42] EDIT IPOP/views/default/creategvpn.html: 0
[2015-06-05 11:42:56] EDIT IPOP/views/default/creategvpn.html: 0
[2015-06-05 11:45:03] EDIT IPOP/views/default/creategvpn.html: 0
[2015-06-05 11:45:13] EDIT IPOP/views/default/creategvpn.html: 0
[2015-06-05 11:45:14] EDIT IPOP/views/default/creategvpn.html: 0
[2015-06-05 11:47:29] EDIT IPOP/views/default/creategvpn.html: 0
[2015-06-05 11:48:10] EDIT IPOP/views/default/creategvpn.html: 0
[2015-06-05 11:48:26] EDIT IPOP/controllers/default.py: 0
[2015-06-05 11:50:02] EDIT IPOP/controllers/default.py: 0
[2015-06-05 11:50:03] EDIT IPOP/controllers/default.py: 0
[2015-06-05 11:51:12] EDIT IPOP/controllers/default.py: 0
[2015-06-05 11:52:41] EDIT IPOP/controllers/default.py: 0
[2015-06-05 11:53:20] EDIT IPOP/controllers/default.py: 1
[2015-06-05 11:53:23] EDIT IPOP/controllers/default.py: -1
[2015-06-05 11:54:25] EDIT IPOP/controllers/default.py: 0
[2015-06-05 11:56:18] EDIT IPOP/views/default/creategvpn.html: 0
[2015-06-05 11:56:20] EDIT IPOP/views/default/creategvpn.html: 0
[2015-06-05 11:58:22] EDIT IPOP/views/default/creategvpn.html: 0
[2015-06-05 11:58:58] EDIT IPOP/views/default/creategvpn.html: 0
[2015-06-05 11:59:17] EDIT IPOP/views/default/creategvpn.html: 1
[2015-06-05 11:59:38] EDIT IPOP/views/default/creategvpn.html: 0
[2015-06-05 12:00:45] EDIT IPOP/controllers/default.py: 1
[2015-06-05 12:00:59] EDIT IPOP/controllers/default.py: 0
[2015-06-05 12:01:54] EDIT IPOP/controllers/default.py: 0
[2015-06-05 12:02:35] EDIT IPOP/views/default/creategvpn.html: 0
[2015-06-05 12:02:46] EDIT IPOP/views/default/creategvpn.html: 0
[2015-06-05 12:08:31] EDIT IPOP/controllers/default.py: 6
[2015-06-05 12:08:58] EDIT IPOP/controllers/default.py: 1
[2015-06-05 12:09:07] EDIT IPOP/controllers/default.py: 0
[2015-06-05 12:09:13] EDIT IPOP/controllers/default.py: 0
[2015-06-05 12:09:34] EDIT IPOP/controllers/default.py: -1
[2015-06-05 12:09:55] EDIT IPOP/controllers/default.py: 0
[2015-06-05 12:10:13] EDIT IPOP/controllers/default.py: 0
[2015-06-05 12:10:18] EDIT IPOP/controllers/default.py: 0
[2015-06-05 12:11:31] EDIT IPOP/controllers/default.py: -4
[2015-06-05 12:11:35] EDIT IPOP/controllers/default.py: -1
[2015-06-05 12:12:22] EDIT IPOP/controllers/default.py: 0
[2015-06-05 12:12:53] EDIT IPOP/controllers/default.py: 0
[2015-06-05 12:21:49] EDIT IPOP/models/db.py: 0
[2015-06-05 12:21:51] EDIT IPOP/models/db.py: 0
[2015-06-05 12:21:52] EDIT IPOP/models/db.py: 0
[2015-06-05 12:22:10] EDIT IPOP/models/db.py: 0
[2015-06-05 12:23:33] EDIT IPOP/controllers/default.py: 0
[2015-06-05 12:23:34] EDIT IPOP/controllers/default.py: 0
[2015-06-05 12:25:03] EDIT IPOP/controllers/default.py: 0
[2015-06-05 12:25:21] EDIT IPOP/controllers/default.py: 0
[2015-06-05 12:35:27] EDIT IPOP/controllers/default.py: 1
[2015-06-05 12:35:39] EDIT IPOP/controllers/default.py: 0
[2015-06-05 12:36:53] EDIT IPOP/controllers/default.py: 0
[2015-06-05 12:36:54] EDIT IPOP/controllers/default.py: 0
[2015-06-05 12:37:22] EDIT IPOP/controllers/default.py: 0
[2015-06-05 12:37:23] EDIT IPOP/controllers/default.py: 0
[2015-06-05 12:38:22] EDIT IPOP/controllers/default.py: -1
[2015-06-05 12:38:24] EDIT IPOP/controllers/default.py: 0
[2015-06-05 12:41:13] EDIT IPOP/controllers/default.py: 1
[2015-06-05 12:41:13] EDIT IPOP/controllers/default.py: 0
[2015-06-05 12:41:47] EDIT IPOP/models/db.py: 0
[2015-06-05 12:41:59] EDIT IPOP/models/db.py: 0
[2015-06-05 12:42:34] EDIT IPOP/models/db.py: 0
[2015-06-05 12:42:41] EDIT IPOP/models/db.py: 0
[2015-06-05 12:43:10] EDIT IPOP/controllers/default.py: 0
[2015-06-05 12:43:11] EDIT IPOP/controllers/default.py: 0
[2015-06-05 12:45:55] EDIT IPOP/models/db.py: 0
[2015-06-05 12:45:56] EDIT IPOP/models/db.py: 0
[2015-06-05 12:46:39] EDIT IPOP/models/db.py: 0
[2015-06-05 12:46:49] EDIT IPOP/models/db.py: 0
[2015-06-05 12:48:31] EDIT IPOP/models/db.py: 0
[2015-06-05 12:48:32] EDIT IPOP/models/db.py: 0
[2015-06-05 12:49:04] EDIT IPOP/models/db.py: -1
[2015-06-05 12:49:36] EDIT IPOP/models/db.py: 0
[2015-06-05 12:49:41] EDIT IPOP/models/db.py: 0
[2015-06-05 12:49:53] EDIT IPOP/models/db.py: 1
[2015-06-05 12:49:57] EDIT IPOP/models/db.py: 0
[2015-06-05 12:50:46] EDIT IPOP/models/db.py: 0
[2015-06-05 12:51:45] EDIT IPOP/models/db.py: 0
[2015-06-05 12:52:06] EDIT IPOP/models/db.py: 0
[2015-06-05 12:52:06] EDIT IPOP/models/db.py: 0
[2015-06-05 12:52:06] EDIT IPOP/models/db.py: 0
[2015-06-05 12:52:07] EDIT IPOP/models/db.py: 0
[2015-06-05 12:52:07] EDIT IPOP/models/db.py: 0
[2015-06-05 12:52:07] EDIT IPOP/models/db.py: 0
[2015-06-05 12:52:07] EDIT IPOP/models/db.py: 0
[2015-06-05 12:52:08] EDIT IPOP/models/db.py: 0
[2015-06-05 12:52:08] EDIT IPOP/models/db.py: 0
[2015-06-05 12:52:34] EDIT IPOP/models/db.py: 5
[2015-06-05 12:52:37] EDIT IPOP/models/db.py: 0
[2015-06-05 12:52:39] EDIT IPOP/models/db.py: 0
[2015-06-05 12:53:21] EDIT IPOP/models/db.py: 0
[2015-06-05 12:53:54] EDIT IPOP/models/db.py: 0
[2015-06-05 12:54:10] EDIT IPOP/models/db.py: 0
[2015-06-05 12:54:16] EDIT IPOP/models/db.py: 0
[2015-06-05 12:54:22] EDIT IPOP/models/db.py: -1
[2015-06-05 12:54:29] EDIT IPOP/models/db.py: 2
[2015-06-05 12:55:54] EDIT IPOP/models/db.py: 0
[2015-06-05 12:56:00] EDIT IPOP/models/db.py: 0
[2015-06-05 12:56:26] EDIT IPOP/models/db.py: 0
[2015-06-05 12:57:11] EDIT IPOP/models/db.py: 1
[2015-06-05 12:57:47] EDIT IPOP/models/db.py: -7
[2015-06-05 13:00:09] EDIT IPOP/controllers/default.py: -1
[2015-06-05 13:00:15] EDIT IPOP/controllers/default.py: 0
[2015-06-05 13:02:14] EDIT IPOP/controllers/default.py: 0
[2015-06-05 13:02:59] EDIT IPOP/controllers/default.py: 1
[2015-06-05 13:03:09] EDIT IPOP/controllers/default.py: 2
[2015-06-05 13:03:25] EDIT IPOP/controllers/default.py: 0
[2015-06-05 13:03:49] EDIT IPOP/controllers/default.py: 0
[2015-06-05 13:03:51] EDIT IPOP/controllers/default.py: 0
[2015-06-05 13:04:04] EDIT IPOP/controllers/default.py: 1
[2015-06-05 13:04:38] EDIT IPOP/controllers/default.py: 0
[2015-06-05 13:05:38] EDIT IPOP/views/default/creategvpn.html: 0
[2015-06-05 13:05:55] EDIT IPOP/controllers/default.py: 0
[2015-06-05 13:07:09] EDIT IPOP/views/default/creategvpn.html: 0
[2015-06-05 13:08:37] EDIT IPOP/views/default/creategvpn.html: 0
[2015-06-05 13:08:38] EDIT IPOP/views/default/creategvpn.html: 0
[2015-06-05 13:11:44] EDIT IPOP/controllers/default.py: 1
[2015-06-05 13:11:47] EDIT IPOP/controllers/default.py: 0
[2015-06-05 13:11:49] EDIT IPOP/controllers/default.py: 0
[2015-06-05 13:11:53] EDIT IPOP/controllers/default.py: 0
[2015-06-05 13:11:56] EDIT IPOP/controllers/default.py: 0
[2015-06-05 13:11:58] EDIT IPOP/controllers/default.py: 0
[2015-06-05 13:11:58] EDIT IPOP/controllers/default.py: 0
[2015-06-05 13:11:58] EDIT IPOP/controllers/default.py: 0
[2015-06-05 13:12:06] EDIT IPOP/controllers/default.py: 0
[2015-06-05 13:12:41] EDIT IPOP/controllers/default.py: 1
[2015-06-05 13:12:44] EDIT IPOP/controllers/default.py: 0
[2015-06-05 13:12:52] EDIT IPOP/controllers/default.py: -2
[2015-06-05 13:56:49] EDIT IPOP/controllers/default.py: 1
[2015-06-05 13:57:02] EDIT IPOP/controllers/default.py: 1
[2015-06-05 13:58:00] EDIT IPOP/controllers/default.py: 1
[2015-06-05 14:01:46] EDIT IPOP/controllers/default.py: 1
[2015-06-05 14:01:57] EDIT IPOP/controllers/default.py: 0
[2015-06-05 14:02:02] EDIT IPOP/controllers/default.py: 0
[2015-06-05 14:02:08] EDIT IPOP/controllers/default.py: 1
[2015-06-05 14:03:39] EDIT IPOP/controllers/default.py: -1
[2015-06-05 14:03:42] EDIT IPOP/controllers/default.py: 0
[2015-06-05 14:04:58] EDIT IPOP/controllers/default.py: 1
[2015-06-05 14:05:31] EDIT IPOP/controllers/default.py: 2
[2015-06-05 14:05:40] EDIT IPOP/controllers/default.py: 0
[2015-06-05 14:05:50] EDIT IPOP/controllers/default.py: 1
[2015-06-05 14:05:55] EDIT IPOP/controllers/default.py: 0
[2015-06-05 14:06:12] EDIT IPOP/controllers/default.py: 0
[2015-06-05 14:08:20] EDIT IPOP/controllers/default.py: 0
[2015-06-05 14:08:22] EDIT IPOP/controllers/default.py: 0
[2015-06-05 14:09:55] EDIT IPOP/controllers/default.py: 0
[2015-06-05 14:10:23] EDIT IPOP/controllers/default.py: 1
[2015-06-05 14:10:30] EDIT IPOP/controllers/default.py: 0
[2015-06-05 14:10:51] EDIT IPOP/controllers/default.py: 0
[2015-06-05 14:10:59] EDIT IPOP/controllers/default.py: 0
[2015-06-05 14:11:01] EDIT IPOP/controllers/default.py: 0
[2015-06-05 14:11:21] EDIT IPOP/controllers/default.py: 0
[2015-06-05 14:11:43] EDIT IPOP/controllers/default.py: -1
[2015-06-05 14:12:09] EDIT IPOP/controllers/default.py: 0
[2015-06-05 14:12:24] EDIT IPOP/controllers/default.py: 0
[2015-06-05 14:23:52] EDIT IPOP/controllers/default.py: 2
[2015-06-05 14:23:54] EDIT IPOP/controllers/default.py: 0
[2015-06-05 20:17:27] EDIT IPOP/views/default/creategvpn.html: 0
[2015-06-05 20:17:38] EDIT IPOP/views/default/creategvpn.html: 0
[2015-06-05 20:17:54] EDIT IPOP/views/default/creategvpn.html: 1
[2015-06-05 20:17:56] EDIT IPOP/views/default/creategvpn.html: 0
[2015-06-05 20:18:01] EDIT IPOP/views/default/creategvpn.html: 0
[2015-06-05 20:18:05] EDIT IPOP/views/default/creategvpn.html: 0
[2015-06-05 20:18:15] EDIT IPOP/views/default/creategvpn.html: 0
[2015-06-05 20:18:29] EDIT IPOP/views/default/creategvpn.html: 1
[2015-06-05 20:18:51] EDIT IPOP/views/default/creategvpn.html: 0
[2015-06-05 20:19:13] EDIT IPOP/views/default/creategvpn.html: 1
[2015-06-05 20:19:19] EDIT IPOP/views/default/creategvpn.html: 0
[2015-06-05 20:19:24] EDIT IPOP/views/default/creategvpn.html: 0
[2015-06-05 20:19:28] EDIT IPOP/views/default/creategvpn.html: 0
[2015-06-05 20:19:32] EDIT IPOP/views/default/creategvpn.html: 1
[2015-06-05 20:19:43] EDIT IPOP/views/default/creategvpn.html: 0
[2015-06-05 20:19:48] EDIT IPOP/views/default/creategvpn.html: 0
[2015-06-05 20:19:58] EDIT IPOP/views/default/creategvpn.html: 0
[2015-06-05 20:20:07] EDIT IPOP/views/default/creategvpn.html: 0
[2015-06-05 20:20:26] EDIT IPOP/views/default/creategvpn.html: 1
[2015-06-05 20:20:42] EDIT IPOP/views/default/creategvpn.html: 0
[2015-06-05 20:20:46] EDIT IPOP/views/default/creategvpn.html: 0
[2015-06-05 20:20:48] EDIT IPOP/views/default/creategvpn.html: 0
[2015-06-05 20:20:58] EDIT IPOP/views/default/creategvpn.html: 0
[2015-06-05 20:21:52] EDIT IPOP/views/default/creategvpn.html: 1
[2015-06-05 20:22:15] EDIT IPOP/views/default/creategvpn.html: 1
[2015-06-05 20:22:22] EDIT IPOP/views/default/creategvpn.html: 1
[2015-06-05 20:22:26] EDIT IPOP/views/default/creategvpn.html: 0
[2015-06-05 20:22:34] EDIT IPOP/views/default/creategvpn.html: 0
[2015-06-05 20:22:54] EDIT IPOP/views/default/creategvpn.html: 0
[2015-06-05 20:26:36] EDIT IPOP/models/db.py: 0
[2015-06-05 20:27:28] EDIT IPOP/models/db.py: 0
[2015-06-05 20:28:23] EDIT IPOP/models/db.py: 1
[2015-06-05 20:29:18] EDIT IPOP/models/db.py: 0
[2015-06-05 20:30:37] EDIT IPOP/views/default/creategvpn.html: 2
[2015-06-05 20:30:45] EDIT IPOP/views/default/creategvpn.html: 0
[2015-06-05 20:31:02] EDIT IPOP/models/db.py: 0
[2015-06-05 20:31:54] EDIT IPOP/views/default/creategvpn.html: 0
[2015-06-05 20:32:33] EDIT IPOP/views/default/creategvpn.html: 0
[2015-06-05 20:32:36] EDIT IPOP/views/default/creategvpn.html: 0
[2015-06-05 20:33:04] EDIT IPOP/views/default/creategvpn.html: 0
[2015-06-05 20:33:18] EDIT IPOP/views/default/creategvpn.html: 0
[2015-06-05 20:34:37] EDIT IPOP/views/default/creategvpn.html: 0
[2015-06-05 20:36:49] EDIT IPOP/controllers/default.py: 1
[2015-06-05 20:37:11] EDIT IPOP/models/db.py: 1
[2015-06-05 20:37:18] EDIT IPOP/models/db.py: 0
[2015-06-05 20:37:33] EDIT IPOP/controllers/default.py: 0
[2015-06-05 20:38:01] EDIT IPOP/controllers/default.py: 0
[2015-06-05 20:38:59] EDIT IPOP/controllers/default.py: 0
[2015-06-05 20:39:30] EDIT IPOP/controllers/default.py: 0
[2015-06-05 20:39:53] EDIT IPOP/controllers/default.py: 0
[2015-06-05 20:41:57] EDIT IPOP/views/default/creategvpn.html: 0
[2015-06-05 20:42:07] EDIT IPOP/views/default/creategvpn.html: 0
[2015-06-05 20:42:12] EDIT IPOP/views/default/creategvpn.html: 0
[2015-06-05 20:42:59] EDIT IPOP/views/default/creategvpn.html: 0
[2015-06-05 20:45:22] EDIT IPOP/views/default/creategvpn.html: 0
[2015-06-05 20:47:17] EDIT IPOP/controllers/default.py: 9
[2015-06-05 20:47:32] EDIT IPOP/controllers/default.py: 0
[2015-06-05 20:48:00] EDIT IPOP/controllers/default.py: 1
[2015-06-05 20:48:14] EDIT IPOP/controllers/default.py: 0
[2015-06-05 20:48:30] EDIT IPOP/controllers/default.py: 1
[2015-06-05 20:48:59] EDIT IPOP/controllers/default.py: 0
[2015-06-05 20:49:05] EDIT IPOP/controllers/default.py: 0
[2015-06-05 20:49:05] EDIT IPOP/controllers/default.py: 0
[2015-06-05 20:51:10] EDIT IPOP/controllers/default.py: 0
[2015-06-12 09:58:05] EDIT IPOP/controllers/default.py: 1
[2015-06-12 09:58:22] EDIT IPOP/modules/serverxmpp.py: 0
[2015-06-12 09:59:33] EDIT IPOP/controllers/default.py: 1
[2015-06-12 09:59:36] EDIT IPOP/controllers/default.py: 0
[2015-06-12 09:59:39] EDIT IPOP/controllers/default.py: 0
[2015-06-12 10:00:19] EDIT IPOP/controllers/default.py: 1
[2015-06-12 10:00:27] EDIT IPOP/controllers/default.py: 0
[2015-06-12 10:00:53] EDIT IPOP/controllers/default.py: 0
[2015-06-12 10:01:07] EDIT IPOP/controllers/default.py: 1
[2015-06-12 10:01:31] EDIT IPOP/controllers/default.py: 0
[2015-06-12 10:01:50] EDIT IPOP/controllers/default.py: 2
[2015-06-12 10:02:03] EDIT IPOP/controllers/default.py: 0
[2015-06-12 10:05:12] EDIT IPOP/controllers/default.py: 1
[2015-06-12 10:06:07] EDIT IPOP/controllers/default.py: 1
[2015-06-12 10:06:18] EDIT IPOP/controllers/default.py: 1
[2015-06-12 10:07:07] EDIT IPOP/controllers/default.py: 0
[2015-06-12 10:07:15] EDIT IPOP/controllers/default.py: 0
[2015-06-12 10:09:20] EDIT IPOP/controllers/default.py: 1
[2015-06-12 10:09:35] EDIT IPOP/controllers/default.py: 0
[2015-06-12 10:14:35] EDIT IPOP/modules/serverxmpp.py: 2
[2015-06-12 10:14:40] EDIT IPOP/modules/serverxmpp.py: 0
[2015-06-12 10:14:47] EDIT IPOP/modules/serverxmpp.py: 2
[2015-06-12 10:15:17] EDIT IPOP/modules/serverxmpp.py: 0
[2015-06-12 10:17:08] EDIT IPOP/modules/serverxmpp.py: -4
[2015-06-12 10:17:17] EDIT IPOP/modules/serverxmpp.py: 0
[2015-06-12 10:19:20] EDIT IPOP/controllers/default.py: 1
[2015-06-12 10:19:33] EDIT IPOP/controllers/default.py: 0
[2015-06-12 10:52:56] EDIT IPOP/controllers/default.py: 0
[2015-06-12 10:56:51] EDIT IPOP/modules/serverxmpp.py: 0
[2015-06-12 10:58:06] EDIT IPOP/controllers/default.py: -1
[2015-06-12 10:58:20] EDIT IPOP/controllers/default.py: 0
[2015-06-12 10:59:46] EDIT IPOP/modules/serverxmpp.py: 0
[2015-06-12 11:00:34] EDIT IPOP/controllers/default.py: -6
[2015-06-12 11:03:03] EDIT IPOP/controllers/default.py: -1
[2015-06-12 11:03:19] EDIT IPOP/controllers/default.py: 0
[2015-06-12 11:03:20] EDIT IPOP/controllers/default.py: 0
[2015-06-12 11:04:17] EDIT IPOP/controllers/default.py: 1
[2015-06-12 11:04:21] EDIT IPOP/controllers/default.py: 0
[2015-06-12 11:04:31] EDIT IPOP/controllers/default.py: 1
[2015-06-12 11:05:42] EDIT IPOP/controllers/default.py: 0
[2015-06-12 11:06:20] EDIT IPOP/modules/serverxmpp.py: -3
[2015-06-12 11:06:21] EDIT IPOP/modules/serverxmpp.py: 0
[2015-06-12 11:06:27] EDIT IPOP/modules/serverxmpp.py: 1
[2015-06-12 11:06:32] EDIT IPOP/modules/serverxmpp.py: 0
[2015-06-12 11:07:19] EDIT IPOP/modules/serverxmpp.py: 0
[2015-06-12 11:07:24] EDIT IPOP/modules/serverxmpp.py: 0
[2015-06-12 11:08:58] EDIT IPOP/modules/serverxmpp.py: 0
[2015-06-12 11:12:45] EDIT IPOP/controllers/default.py: 0
[2015-06-12 11:13:27] EDIT IPOP/controllers/default.py: 0
[2015-06-12 11:13:29] EDIT IPOP/controllers/default.py: 0
[2015-06-12 11:14:21] EDIT IPOP/modules/serverxmpp.py: -1
[2015-06-12 11:14:25] EDIT IPOP/modules/serverxmpp.py: 0
[2015-06-12 11:14:50] EDIT IPOP/controllers/default.py: -1
[2015-06-12 12:08:24] EDIT IPOP/modules/serverxmpp.py: 1
[2015-06-12 12:09:53] EDIT IPOP/modules/serverxmpp.py: 0
[2015-06-12 12:11:34] EDIT IPOP/modules/serverxmpp.py: 0
[2015-06-12 12:11:48] EDIT IPOP/modules/serverxmpp.py: 0
[2015-06-12 12:12:06] EDIT IPOP/modules/serverxmpp.py: 0
[2015-06-12 12:17:44] EDIT IPOP/modules/serverxmpp.py: 0
[2015-06-12 12:17:57] EDIT IPOP/modules/serverxmpp.py: 0
[2015-06-12 12:54:44] EDIT IPOP/modules/serverxmpp.py: 0
[2015-06-12 12:55:19] EDIT IPOP/modules/serverxmpp.py: 0
[2015-06-12 12:56:15] EDIT IPOP/modules/serverxmpp.py: 1
[2015-06-12 12:56:21] EDIT IPOP/modules/serverxmpp.py: -1
[2015-06-12 12:56:31] EDIT IPOP/modules/serverxmpp.py: 0
[2015-06-12 12:56:53] EDIT IPOP/modules/serverxmpp.py: 0
[2015-06-12 12:57:20] EDIT IPOP/controllers/default.py: 0
[2015-06-12 12:58:01] EDIT IPOP/controllers/default.py: 0
[2015-06-12 13:01:04] EDIT IPOP/models/db.py: 1
[2015-06-12 13:02:16] EDIT IPOP/controllers/default.py: 1
[2015-06-12 13:02:40] EDIT IPOP/controllers/default.py: 0
[2015-06-12 13:02:54] EDIT IPOP/controllers/default.py: 0
[2015-06-12 13:03:30] EDIT IPOP/controllers/default.py: 0
[2015-06-12 13:04:42] EDIT IPOP/controllers/default.py: 0
[2015-06-12 13:06:18] EDIT IPOP/controllers/default.py: 0
[2015-06-12 13:06:46] EDIT IPOP/controllers/default.py: 0
[2015-06-12 13:12:46] EDIT IPOP/models/db.py: 0
[2015-06-12 13:16:38] EDIT IPOP/modules/serverxmpp.py: 0
[2015-06-12 13:17:30] EDIT IPOP/controllers/default.py: 1
[2015-06-12 13:20:00] EDIT IPOP/controllers/default.py: 2
[2015-06-12 13:20:29] EDIT IPOP/controllers/default.py: 1
[2015-06-12 13:20:45] EDIT IPOP/controllers/default.py: 0
[2015-06-12 13:20:51] EDIT IPOP/controllers/default.py: 1
[2015-06-12 13:23:39] EDIT IPOP/controllers/default.py: -3
[2015-06-12 13:25:13] EDIT IPOP/controllers/default.py: 1
[2015-06-12 13:28:28] EDIT IPOP/controllers/default.py: 0
[2015-06-12 13:28:34] EDIT IPOP/controllers/default.py: 0
[2015-06-12 13:28:58] EDIT IPOP/controllers/default.py: 1
[2015-06-12 13:29:02] EDIT IPOP/controllers/default.py: 0
[2015-06-12 13:29:04] EDIT IPOP/controllers/default.py: 0
[2015-06-12 13:30:26] EDIT IPOP/controllers/default.py: 0
[2015-06-12 13:30:29] EDIT IPOP/controllers/default.py: 0
[2015-06-12 13:30:33] EDIT IPOP/controllers/default.py: 0
[2015-06-12 13:30:46] EDIT IPOP/controllers/default.py: 0
[2015-06-12 13:34:33] EDIT IPOP/controllers/default.py: 0
[2015-06-12 13:34:36] EDIT IPOP/controllers/default.py: 0
[2015-06-12 13:38:16] EDIT IPOP/controllers/default.py: 0
[2015-06-12 13:39:37] EDIT IPOP/controllers/default.py: 0
[2015-06-12 13:39:51] EDIT IPOP/controllers/default.py: -1
[2015-06-12 13:40:57] EDIT IPOP/controllers/default.py: 2
[2015-06-12 13:41:08] EDIT IPOP/controllers/default.py: 0
[2015-06-12 13:41:29] EDIT IPOP/controllers/default.py: 0
[2015-06-12 13:41:37] EDIT IPOP/controllers/default.py: 1
[2015-06-12 13:41:38] EDIT IPOP/controllers/default.py: 0
[2015-06-12 13:43:18] EDIT IPOP/controllers/default.py: 0
[2015-06-12 13:43:28] EDIT IPOP/controllers/default.py: 1
[2015-06-12 13:59:11] EDIT IPOP/controllers/default.py: 1
[2015-06-12 13:59:41] EDIT IPOP/controllers/default.py: 1
[2015-06-12 13:59:44] EDIT IPOP/controllers/default.py: 0
[2015-06-12 14:00:20] EDIT IPOP/controllers/default.py: 2
[2015-06-12 14:00:48] EDIT IPOP/controllers/default.py: -1
[2015-06-12 14:00:55] EDIT IPOP/controllers/default.py: 1
[2015-06-12 14:00:59] EDIT IPOP/controllers/default.py: 0
[2015-06-12 14:01:10] EDIT IPOP/controllers/default.py: 0
[2015-06-12 14:02:09] EDIT IPOP/controllers/default.py: 1
[2015-06-12 14:02:15] EDIT IPOP/controllers/default.py: 0
[2015-06-12 14:05:59] EDIT IPOP/controllers/default.py: 0
[2015-06-12 14:06:01] EDIT IPOP/controllers/default.py: 0
[2015-06-12 14:09:07] EDIT IPOP/controllers/default.py: 0
[2015-06-12 14:20:01] EDIT IPOP/controllers/default.py: 0
[2015-06-12 14:20:03] EDIT IPOP/controllers/default.py: 0
[2015-06-12 14:25:12] EDIT IPOP/controllers/default.py: 0
[2015-06-12 14:25:18] EDIT IPOP/controllers/default.py: 0
[2015-06-12 14:26:35] EDIT IPOP/controllers/default.py: -1
[2015-06-12 14:30:56] EDIT IPOP/controllers/default.py: 0
[2015-06-12 14:31:14] EDIT IPOP/controllers/default.py: 0
[2015-06-12 14:36:33] EDIT IPOP/controllers/default.py: 0
[2015-06-12 14:36:35] EDIT IPOP/controllers/default.py: 0
[2015-06-14 12:15:00] EDIT IPOP/controllers/default.py: 0
[2015-06-14 12:17:55] EDIT IPOP/controllers/default.py: 1
[2015-06-14 12:18:00] EDIT IPOP/controllers/default.py: 0
[2015-06-14 12:18:29] EDIT IPOP/controllers/default.py: 1
[2015-06-14 12:20:01] EDIT IPOP/controllers/default.py: 1
[2015-06-14 12:20:16] EDIT IPOP/controllers/default.py: 0
[2015-06-14 12:21:31] EDIT IPOP/controllers/default.py: 0
[2015-06-14 12:22:17] EDIT IPOP/controllers/default.py: 0
[2015-06-14 12:28:01] EDIT IPOP/controllers/default.py: 0
[2015-06-14 12:28:03] EDIT IPOP/controllers/default.py: 0
[2015-06-14 12:38:12] EDIT IPOP/views/default/creategvpn.html: 1
[2015-06-14 12:38:53] EDIT IPOP/views/default/creategvpn.html: 2
[2015-06-14 12:39:02] EDIT IPOP/views/default/creategvpn.html: 0
[2015-06-14 12:39:16] EDIT IPOP/views/default/creategvpn.html: 1
[2015-06-14 12:39:55] EDIT IPOP/views/default/creategvpn.html: 0
[2015-06-14 12:39:55] EDIT IPOP/views/default/creategvpn.html: 0
[2015-06-14 12:41:50] EDIT IPOP/views/default/creategvpn.html: 0
[2015-06-14 12:42:08] EDIT IPOP/views/default/creategvpn.html: 0
[2015-06-22 22:48:18] EDIT IPOP/views/default/creategvpn.html: 0
[2015-06-22 22:49:41] EDIT IPOP/views/default/creategvpn.html: 1
[2015-06-22 22:49:44] EDIT IPOP/views/default/creategvpn.html: 0
[2015-06-22 22:49:49] EDIT IPOP/views/default/creategvpn.html: 0
[2015-06-22 22:49:56] EDIT IPOP/views/default/creategvpn.html: 0
[2015-06-22 22:52:34] EDIT IPOP/models/db.py: 1
[2015-06-22 22:52:51] EDIT IPOP/models/db.py: 1
[2015-06-22 22:54:27] EDIT IPOP/views/default/creategvpn.html: 0
[2015-06-22 22:54:50] EDIT IPOP/controllers/default.py: 1
[2015-06-22 22:54:54] EDIT IPOP/controllers/default.py: 0
[2015-06-22 22:55:32] EDIT IPOP/views/default/creategvpn.html: 0
[2015-06-22 22:55:43] EDIT IPOP/controllers/default.py: 1
[2015-06-22 22:55:45] EDIT IPOP/controllers/default.py: 0
[2015-06-22 22:55:57] EDIT IPOP/controllers/default.py: 0
[2015-06-22 22:57:52] EDIT IPOP/controllers/default.py: 1
[2015-06-22 22:58:37] EDIT IPOP/views/default/creategvpn.html: 0
[2015-06-22 22:58:47] EDIT IPOP/views/default/creategvpn.html: -1
[2015-06-22 23:00:37] EDIT IPOP/controllers/default.py: 0
[2015-06-22 23:01:00] EDIT IPOP/controllers/default.py: 0
[2015-06-22 23:07:04] EDIT IPOP/models/db.py: 0
[2015-06-22 23:07:22] EDIT IPOP/models/db.py: 0
[2015-06-22 23:07:33] EDIT IPOP/controllers/default.py: 1
[2015-06-22 23:08:41] EDIT IPOP/controllers/default.py: 0
[2015-06-22 23:09:56] EDIT IPOP/controllers/default.py: 0
[2015-06-22 23:10:00] EDIT IPOP/controllers/default.py: -3
[2015-06-22 23:10:03] EDIT IPOP/controllers/default.py: 0
[2015-06-22 23:10:43] EDIT IPOP/controllers/default.py: 0
[2015-06-22 23:11:29] EDIT IPOP/controllers/default.py: 0
[2015-06-22 23:12:50] EDIT IPOP/models/db.py: 0
[2015-06-22 23:13:47] EDIT IPOP/models/db.py: -2
[2015-06-22 23:16:26] EDIT IPOP/controllers/default.py: 0
[2015-06-22 23:23:54] EDIT IPOP/views/default/index.html: 0
[2015-06-22 23:24:38] EDIT IPOP/controllers/default.py: 0
[2015-06-22 23:24:40] EDIT IPOP/controllers/default.py: 0
[2015-06-22 23:27:00] EDIT IPOP/controllers/default.py: 1
[2015-06-22 23:27:09] EDIT IPOP/controllers/default.py: 0
[2015-06-22 23:27:12] EDIT IPOP/controllers/default.py: 0
[2015-06-22 23:27:22] EDIT IPOP/controllers/default.py: 0
[2015-06-22 23:28:13] EDIT IPOP/controllers/default.py: -1
[2015-06-22 23:28:21] EDIT IPOP/controllers/default.py: 0
[2015-06-22 23:28:49] EDIT IPOP/controllers/default.py: 0
[2015-06-22 23:29:37] EDIT IPOP/views/layout.html: 0
[2015-06-22 23:30:12] EDIT IPOP/controllers/default.py: 0
[2015-06-22 23:30:35] EDIT IPOP/controllers/default.py: 0
[2015-06-22 23:30:38] EDIT IPOP/controllers/default.py: 0
[2015-06-22 23:31:27] EDIT IPOP/controllers/default.py: 0
[2015-06-22 23:31:43] EDIT IPOP/controllers/default.py: 0
[2015-06-22 23:31:55] EDIT IPOP/controllers/default.py: 0
[2015-06-22 23:33:43] EDIT IPOP/views/default/index.html: 2
[2015-06-22 23:34:14] EDIT IPOP/views/default/index.html: 1
[2015-06-22 23:34:39] EDIT IPOP/views/default/index.html: 0
[2015-06-22 23:36:31] EDIT IPOP/views/default/index.html: 0
[2015-06-22 23:36:56] EDIT IPOP/views/default/index.html: 0
[2015-06-22 23:38:14] EDIT IPOP/views/default/index.html: 0
[2015-06-22 23:40:03] EDIT IPOP/views/default/index.html: 0
[2015-06-22 23:40:13] EDIT IPOP/views/default/index.html: 0
[2015-06-22 23:40:22] EDIT IPOP/views/default/index.html: 0
[2015-06-22 23:40:40] EDIT IPOP/views/default/index.html: 0
[2015-06-24 00:37:05] EDIT IPOP/controllers/default.py: 1
[2015-06-24 00:37:09] EDIT IPOP/controllers/default.py: 0
[2015-06-24 00:41:08] EDIT IPOP/controllers/default.py: 2
[2015-06-24 00:42:58] EDIT IPOP/controllers/default.py: 0
[2015-06-24 00:42:59] EDIT IPOP/controllers/default.py: 0
[2015-06-24 00:45:05] EDIT IPOP/controllers/default.py: 0
[2015-06-24 00:45:20] EDIT IPOP/controllers/default.py: 0
[2015-06-24 00:45:28] EDIT IPOP/controllers/default.py: 0
[2015-06-24 00:45:32] EDIT IPOP/controllers/default.py: 0
[2015-06-24 00:46:38] EDIT IPOP/controllers/default.py: 0
[2015-06-24 00:46:47] EDIT IPOP/controllers/default.py: 0
[2015-06-24 00:49:15] EDIT IPOP/controllers/default.py: 0
[2015-06-24 01:01:07] EDIT IPOP/controllers/default.py: 1
[2015-06-24 01:01:15] EDIT IPOP/controllers/default.py: 1
[2015-06-24 01:01:18] EDIT IPOP/controllers/default.py: 0
[2015-06-24 01:01:21] EDIT IPOP/controllers/default.py: 0
[2015-06-24 01:01:42] EDIT IPOP/controllers/default.py: 1
[2015-06-24 01:04:41] EDIT IPOP/controllers/default.py: 0
[2015-06-24 01:04:50] EDIT IPOP/controllers/default.py: 0
[2015-06-24 01:04:52] EDIT IPOP/controllers/default.py: 0
[2015-06-24 01:04:55] EDIT IPOP/controllers/default.py: 0
[2015-06-24 01:05:18] EDIT IPOP/controllers/default.py: 0
[2015-06-24 01:06:33] EDIT IPOP/controllers/default.py: 0
[2015-06-24 01:06:42] EDIT IPOP/controllers/default.py: 0
[2015-06-24 01:07:08] EDIT IPOP/controllers/default.py: 1
[2015-06-24 01:07:10] EDIT IPOP/controllers/default.py: 0
[2015-06-24 01:07:39] EDIT IPOP/controllers/default.py: 0
[2015-06-24 01:07:41] EDIT IPOP/controllers/default.py: 0
[2015-06-24 01:07:44] EDIT IPOP/controllers/default.py: 0
[2015-06-24 01:08:28] EDIT IPOP/controllers/default.py: 0
[2015-06-24 01:08:29] EDIT IPOP/controllers/default.py: 0
[2015-06-24 01:09:43] EDIT IPOP/controllers/default.py: 2
[2015-06-24 01:09:58] EDIT IPOP/controllers/default.py: 0
[2015-06-24 01:10:05] EDIT IPOP/controllers/default.py: 0
[2015-06-24 01:10:07] EDIT IPOP/controllers/default.py: -2
[2015-06-24 01:11:31] EDIT IPOP/controllers/default.py: 0
[2015-06-24 01:11:41] EDIT IPOP/controllers/default.py: 0
[2015-06-24 01:11:42] EDIT IPOP/controllers/default.py: 0
[2015-06-24 01:12:20] EDIT IPOP/controllers/default.py: 2
[2015-06-24 01:12:37] EDIT IPOP/controllers/default.py: 0
[2015-06-24 01:14:12] EDIT IPOP/controllers/default.py: -1
[2015-06-24 01:16:16] EDIT IPOP/controllers/default.py: 2
[2015-06-24 01:17:45] EDIT IPOP/controllers/default.py: 0
[2015-06-24 01:17:52] EDIT IPOP/controllers/default.py: 1
[2015-06-24 01:18:08] EDIT IPOP/controllers/default.py: 0
[2015-06-24 01:18:58] EDIT IPOP/controllers/default.py: 1
[2015-06-24 01:19:06] EDIT IPOP/controllers/default.py: 0
[2015-06-24 01:19:19] EDIT IPOP/controllers/default.py: 1
[2015-06-24 01:19:26] EDIT IPOP/controllers/default.py: 1
[2015-06-24 01:19:28] EDIT IPOP/controllers/default.py: 0
[2015-06-24 01:19:36] EDIT IPOP/controllers/default.py: 1
[2015-06-24 01:19:41] EDIT IPOP/controllers/default.py: 0
[2015-06-25 23:02:56] CREATE default/editgvpn.html: 0
[2015-06-25 23:06:37] EDIT IPOP/controllers/default.py: 0
[2015-06-25 23:06:58] EDIT IPOP/controllers/default.py: 1
[2015-06-25 23:07:00] EDIT IPOP/controllers/default.py: 0
[2015-06-25 23:07:20] EDIT IPOP/controllers/default.py: 0
[2015-06-25 23:07:23] EDIT IPOP/controllers/default.py: 0
[2015-06-25 23:07:50] EDIT IPOP/controllers/default.py: 0
[2015-06-25 23:08:22] EDIT IPOP/controllers/default.py: 0
[2015-06-25 23:08:45] EDIT IPOP/views/default/editgvpn.html: 0
[2015-06-25 23:08:51] EDIT IPOP/views/default/editgvpn.html: 0
[2015-06-25 23:09:54] EDIT IPOP/views/default/editgvpn.html: 0
[2015-06-25 23:10:23] EDIT IPOP/views/default/editgvpn.html: 0
[2015-06-25 23:11:25] EDIT IPOP/controllers/default.py: 0
[2015-06-25 23:11:39] EDIT IPOP/controllers/default.py: -1
[2015-06-25 23:11:46] EDIT IPOP/controllers/default.py: 0
[2015-06-25 23:12:05] EDIT IPOP/views/default/editgvpn.html: 0
[2015-06-25 23:12:19] EDIT IPOP/views/default/editgvpn.html: 0
[2015-06-25 23:12:59] EDIT IPOP/views/default/editgvpn.html: 0
[2015-06-25 23:13:23] EDIT IPOP/views/default/editgvpn.html: 0
[2015-06-25 23:13:24] EDIT IPOP/views/default/editgvpn.html: 0
[2015-06-25 23:14:12] EDIT IPOP/views/default/editgvpn.html: 0
[2015-06-25 23:14:33] EDIT IPOP/views/default/editgvpn.html: 0
[2015-06-25 23:16:32] EDIT IPOP/views/default/editgvpn.html: 3
[2015-06-25 23:16:47] EDIT IPOP/views/default/editgvpn.html: 0
[2015-06-25 23:18:00] EDIT IPOP/views/default/editgvpn.html: 0
[2015-06-25 23:18:27] EDIT IPOP/views/default/editgvpn.html: 0
[2015-06-25 23:18:38] EDIT IPOP/views/default/editgvpn.html: 0
[2015-06-25 23:18:58] EDIT IPOP/views/default/editgvpn.html: 1
[2015-06-25 23:20:40] EDIT IPOP/views/default/editgvpn.html: 1
[2015-06-25 23:20:46] EDIT IPOP/views/default/editgvpn.html: 0
[2015-06-25 23:21:04] EDIT IPOP/views/default/editgvpn.html: 0
[2015-06-25 23:21:22] EDIT IPOP/views/default/editgvpn.html: 0
[2015-06-25 23:21:35] EDIT IPOP/views/default/editgvpn.html: 0
[2015-06-25 23:21:37] EDIT IPOP/views/default/editgvpn.html: 0
[2015-06-25 23:21:47] EDIT IPOP/views/default/editgvpn.html: 0
[2015-06-25 23:22:03] EDIT IPOP/views/default/editgvpn.html: 0
[2015-06-25 23:23:34] EDIT IPOP/views/default/editgvpn.html: 0
[2015-06-25 23:23:35] EDIT IPOP/views/default/editgvpn.html: 0
[2015-06-25 23:23:59] EDIT IPOP/views/default/editgvpn.html: 2
[2015-06-25 23:24:21] EDIT IPOP/views/default/editgvpn.html: 1
[2015-06-25 23:24:40] EDIT IPOP/views/default/editgvpn.html: 2
[2015-06-25 23:25:28] EDIT IPOP/views/default/editgvpn.html: 0
[2015-06-25 23:27:52] EDIT IPOP/modules/serverxmpp.py: 0
[2015-06-25 23:29:50] EDIT IPOP/modules/serverxmpp.py: 3
[2015-06-25 23:32:40] EDIT IPOP/modules/serverxmpp.py: 0
[2015-06-25 23:34:21] EDIT IPOP/controllers/default.py: 0
[2015-06-25 23:34:41] EDIT IPOP/modules/serverxmpp.py: 2
[2015-06-25 23:35:39] EDIT IPOP/controllers/default.py: 1
[2015-06-25 23:35:56] EDIT IPOP/controllers/default.py: 0
[2015-06-25 23:35:59] EDIT IPOP/controllers/default.py: -1
[2015-06-25 23:36:33] EDIT IPOP/controllers/default.py: 0
[2015-06-25 23:36:42] EDIT IPOP/controllers/default.py: -3
[2015-06-25 23:36:44] EDIT IPOP/controllers/default.py: 0
[2015-06-25 23:39:31] EDIT IPOP/modules/serverxmpp.py: 0
[2015-06-25 23:39:39] EDIT IPOP/modules/serverxmpp.py: 0
[2015-06-25 23:39:52] EDIT IPOP/modules/serverxmpp.py: 0
[2015-06-25 23:40:14] EDIT IPOP/controllers/default.py: 0
[2015-06-25 23:41:31] EDIT IPOP/modules/serverxmpp.py: 0
[2015-06-25 23:41:42] EDIT IPOP/controllers/default.py: 0
[2015-06-25 23:43:06] EDIT IPOP/modules/serverxmpp.py: 0
[2015-06-25 23:43:07] EDIT IPOP/modules/serverxmpp.py: 0
[2015-06-25 23:43:19] EDIT IPOP/controllers/default.py: 0
[2015-06-26 00:25:21] EDIT IPOP/controllers/default.py: 0
[2015-06-26 00:26:19] EDIT IPOP/controllers/default.py: 1
[2015-06-26 00:27:13] EDIT IPOP/controllers/default.py: 1
[2015-06-26 00:27:15] EDIT IPOP/controllers/default.py: 0
[2015-06-26 00:28:40] EDIT IPOP/controllers/default.py: 1
[2015-06-26 00:30:29] EDIT IPOP/modules/serverxmpp.py: 1
[2015-06-26 00:30:59] EDIT IPOP/modules/serverxmpp.py: 1
[2015-06-26 00:31:26] EDIT IPOP/modules/serverxmpp.py: 0
[2015-06-26 00:31:49] EDIT IPOP/modules/serverxmpp.py: 0
[2015-06-26 00:31:56] EDIT IPOP/modules/serverxmpp.py: 0
[2015-06-26 00:32:58] EDIT IPOP/controllers/default.py: 0
[2015-06-26 00:33:12] EDIT IPOP/controllers/default.py: 0
[2015-06-26 00:34:54] EDIT IPOP/controllers/default.py: 1
[2015-06-26 00:35:14] EDIT IPOP/controllers/default.py: 0
[2015-06-26 00:35:44] EDIT IPOP/controllers/default.py: 0
[2015-06-26 00:37:52] EDIT IPOP/modules/serverxmpp.py: 0
[2015-06-26 00:59:34] EDIT IPOP/views/default/editgvpn.html: 6
[2015-06-26 00:59:40] EDIT IPOP/views/default/editgvpn.html: 0
[2015-06-26 01:01:09] EDIT IPOP/views/default/editgvpn.html: 0
[2015-06-26 01:01:35] EDIT IPOP/views/default/editgvpn.html: 0
[2015-06-26 01:01:50] EDIT IPOP/views/default/editgvpn.html: 0
[2015-06-26 01:02:33] EDIT IPOP/views/default/editgvpn.html: 0
[2015-06-26 01:02:45] EDIT IPOP/views/default/editgvpn.html: 0
[2015-06-26 01:03:10] EDIT IPOP/views/default/editgvpn.html: -3
[2015-06-26 01:03:54] EDIT IPOP/views/default/editgvpn.html: 0
[2015-06-26 01:05:43] EDIT IPOP/views/default/editgvpn.html: 0
[2015-06-26 01:09:48] EDIT IPOP/controllers/default.py: 0
[2015-06-26 01:11:45] EDIT IPOP/modules/serverxmpp.py: 0
[2015-06-26 01:29:49] EDIT IPOP/views/default/editgvpn.html: 0
[2015-06-26 01:30:51] EDIT IPOP/views/default/editgvpn.html: 3
[2015-06-26 01:32:59] EDIT IPOP/views/default/editgvpn.html: -5
[2015-06-26 01:33:20] EDIT IPOP/views/default/editgvpn.html: 1
[2015-06-26 01:33:22] EDIT IPOP/views/default/editgvpn.html: 0
[2015-06-26 01:35:04] EDIT IPOP/views/default/editgvpn.html: 0
[2015-06-26 01:35:06] EDIT IPOP/views/default/editgvpn.html: 0
[2015-06-26 01:35:26] EDIT IPOP/views/default/editgvpn.html: -1
[2015-06-26 01:36:02] EDIT IPOP/controllers/default.py: 1
[2015-06-26 01:36:02] EDIT IPOP/controllers/default.py: 0
[2015-06-26 01:36:04] EDIT IPOP/controllers/default.py: 0
[2015-06-26 01:36:05] EDIT IPOP/controllers/default.py: 0
[2015-06-26 01:38:37] EDIT IPOP/views/default/editgvpn.html: 0
[2015-06-26 01:38:47] EDIT IPOP/views/default/editgvpn.html: 0
[2015-06-26 01:38:53] EDIT IPOP/views/default/editgvpn.html: 0
[2015-06-26 01:39:08] EDIT IPOP/views/default/editgvpn.html: -1
[2015-06-26 01:39:09] EDIT IPOP/views/default/editgvpn.html: 0
[2015-06-26 01:42:23] EDIT IPOP/views/default/editgvpn.html: 1
[2015-06-26 01:42:35] EDIT IPOP/views/default/editgvpn.html: 0
[2015-06-26 01:42:55] EDIT IPOP/views/default/editgvpn.html: 1
[2015-06-26 01:43:10] EDIT IPOP/views/default/editgvpn.html: 0
[2015-06-26 01:43:36] EDIT IPOP/views/default/editgvpn.html: 0
[2015-06-26 01:44:03] EDIT IPOP/views/default/editgvpn.html: -1
[2015-06-26 01:44:05] EDIT IPOP/views/default/editgvpn.html: 0
[2015-06-26 01:44:13] EDIT IPOP/views/default/editgvpn.html: 1
[2015-06-26 01:44:31] EDIT IPOP/views/default/editgvpn.html: 0
[2015-06-26 01:45:42] EDIT IPOP/views/default/editgvpn.html: 0
[2015-06-26 01:45:47] EDIT IPOP/views/default/editgvpn.html: -1
[2015-06-26 01:46:01] EDIT IPOP/views/default/editgvpn.html: 0
[2015-06-26 01:50:59] EDIT IPOP/controllers/default.py: 1
[2015-06-26 01:52:06] EDIT IPOP/controllers/default.py: -1
[2015-06-26 01:52:08] EDIT IPOP/controllers/default.py: 0
[2015-06-26 01:52:34] EDIT IPOP/controllers/default.py: -1
[2015-06-26 01:52:35] EDIT IPOP/controllers/default.py: 0
[2015-06-26 01:53:02] EDIT IPOP/controllers/default.py: 0
[2015-06-26 01:53:22] EDIT IPOP/controllers/default.py: 0
[2015-06-26 01:53:26] EDIT IPOP/controllers/default.py: 0
[2015-06-26 01:53:59] EDIT IPOP/controllers/default.py: 1
[2015-06-26 01:54:15] EDIT IPOP/controllers/default.py: 0
[2015-06-26 01:54:17] EDIT IPOP/controllers/default.py: 0
[2015-06-26 01:54:19] EDIT IPOP/controllers/default.py: 0
[2015-06-26 01:55:07] EDIT IPOP/controllers/default.py: 1
[2015-06-26 01:55:16] EDIT IPOP/controllers/default.py: 1
[2015-06-26 01:56:00] EDIT IPOP/models/db.py: 1
[2015-06-26 01:56:07] EDIT IPOP/models/db.py: 0
[2015-06-26 01:56:22] EDIT IPOP/models/db.py: 0
[2015-06-26 01:57:39] EDIT IPOP/controllers/default.py: 0
[2015-06-26 02:12:40] EDIT IPOP/controllers/default.py: 1
[2015-06-26 02:12:47] EDIT IPOP/controllers/default.py: 0
[2015-06-26 02:12:58] EDIT IPOP/controllers/default.py: 0
[2015-06-26 02:15:56] EDIT IPOP/views/default/editgvpn.html: 1
[2015-06-26 02:16:54] EDIT IPOP/views/default/editgvpn.html: 0
[2015-06-26 02:16:56] EDIT IPOP/views/default/editgvpn.html: 0
[2015-06-26 02:17:56] EDIT IPOP/views/default/editgvpn.html: 0
[2015-06-26 02:20:28] EDIT IPOP/views/default/editgvpn.html: -1
[2015-06-26 02:20:29] EDIT IPOP/views/default/editgvpn.html: 0
[2015-06-26 02:20:56] EDIT IPOP/views/default/editgvpn.html: 1
[2015-06-26 02:20:57] EDIT IPOP/views/default/editgvpn.html: 0
[2015-06-26 02:28:36] EDIT IPOP/models/db.py: 0
[2015-06-26 02:28:40] EDIT IPOP/models/db.py: -1
[2015-06-26 02:28:42] EDIT IPOP/models/db.py: 0
[2015-06-26 02:28:59] EDIT IPOP/models/db.py: 1
[2015-06-26 02:29:09] EDIT IPOP/models/db.py: -1
[2015-06-26 02:29:19] EDIT IPOP/models/db.py: 1
[2015-06-26 02:29:25] EDIT IPOP/models/db.py: 0
[2015-06-26 02:29:26] EDIT IPOP/models/db.py: 0
[2015-06-26 02:29:34] EDIT IPOP/models/db.py: 0
[2015-06-26 02:32:48] EDIT IPOP/models/db.py: 2
[2015-06-26 02:33:01] EDIT IPOP/models/db.py: 0
[2015-06-26 02:33:02] EDIT IPOP/models/db.py: 0
[2015-06-26 02:33:12] EDIT IPOP/models/db.py: -2
[2015-06-26 02:34:22] EDIT IPOP/views/default/editgvpn.html: 0
[2015-06-26 02:34:47] EDIT IPOP/views/default/editgvpn.html: 0
[2015-06-26 02:35:01] EDIT IPOP/views/default/editgvpn.html: 0
[2015-06-26 02:35:45] EDIT IPOP/views/default/editgvpn.html: 0
[2015-06-26 02:35:54] EDIT IPOP/views/default/editgvpn.html: 0
[2015-06-26 02:36:03] EDIT IPOP/views/default/editgvpn.html: 0
[2015-06-26 02:36:21] EDIT IPOP/views/default/editgvpn.html: 0
[2015-06-26 02:37:02] EDIT IPOP/views/default/editgvpn.html: 0
[2015-06-26 02:37:08] EDIT IPOP/views/default/editgvpn.html: 0
[2015-06-26 02:37:10] EDIT IPOP/views/default/editgvpn.html: 0
[2015-06-26 02:37:26] EDIT IPOP/views/default/editgvpn.html: 0
[2015-06-26 02:37:43] EDIT IPOP/views/default/editgvpn.html: 0
[2015-06-26 02:37:55] EDIT IPOP/views/default/editgvpn.html: 0
[2015-06-26 02:38:15] EDIT IPOP/views/default/editgvpn.html: 0
[2015-06-26 02:38:24] EDIT IPOP/views/default/editgvpn.html: 0
[2015-06-26 02:38:59] EDIT IPOP/views/default/editgvpn.html: 0
[2015-06-26 02:39:09] EDIT IPOP/views/default/editgvpn.html: 0
[2015-06-26 02:39:41] EDIT IPOP/views/default/editgvpn.html: 0
[2015-06-26 02:39:51] EDIT IPOP/views/default/editgvpn.html: 0
[2015-06-26 02:40:33] EDIT IPOP/views/default/editgvpn.html: 0
[2015-06-26 02:40:39] EDIT IPOP/views/default/editgvpn.html: 0
[2015-06-26 02:40:43] EDIT IPOP/views/default/editgvpn.html: 0
[2015-06-27 00:41:43] EDIT IPOP/views/default/editgvpn.html: 2
[2015-06-27 00:43:11] EDIT IPOP/views/default/editgvpn.html: 2
[2015-06-27 00:43:43] EDIT IPOP/views/default/editgvpn.html: 2
[2015-06-27 00:46:03] EDIT IPOP/controllers/default.py: 1
[2015-06-27 00:46:10] EDIT IPOP/controllers/default.py: 0
[2015-06-27 00:46:16] EDIT IPOP/controllers/default.py: 1
[2015-06-27 00:46:48] EDIT IPOP/controllers/default.py: 0
[2015-06-27 00:47:29] EDIT IPOP/views/default/editgvpn.html: 0
[2015-06-27 00:47:56] EDIT IPOP/views/default/editgvpn.html: 0
[2015-06-27 00:48:15] EDIT IPOP/views/default/editgvpn.html: 0
[2015-06-27 00:48:40] EDIT IPOP/views/default/editgvpn.html: 2
[2015-06-27 00:50:18] EDIT IPOP/views/default/editgvpn.html: 0
[2015-06-27 00:50:52] EDIT IPOP/views/default/editgvpn.html: 0
[2015-06-27 00:50:55] EDIT IPOP/views/default/editgvpn.html: 0
[2015-06-27 00:52:41] EDIT IPOP/views/default/editgvpn.html: 0
[2015-06-27 00:53:03] EDIT IPOP/views/default/editgvpn.html: 0
[2015-06-27 00:53:11] EDIT IPOP/views/default/editgvpn.html: 0
[2015-06-27 00:54:09] EDIT IPOP/controllers/default.py: 1
[2015-06-27 00:54:14] EDIT IPOP/controllers/default.py: 0
[2015-06-27 00:55:04] EDIT IPOP/controllers/default.py: -1
[2015-06-27 00:55:43] EDIT IPOP/views/default/editgvpn.html: 1
[2015-06-27 00:55:50] EDIT IPOP/views/default/editgvpn.html: 1
[2015-06-27 00:55:52] EDIT IPOP/views/default/editgvpn.html: 0
[2015-06-27 00:56:03] EDIT IPOP/views/default/editgvpn.html: 0
[2015-06-27 00:56:14] EDIT IPOP/views/default/editgvpn.html: 0
[2015-06-27 00:56:28] EDIT IPOP/views/default/editgvpn.html: 0
[2015-06-27 00:56:33] EDIT IPOP/views/default/editgvpn.html: 0
[2015-06-27 00:56:38] EDIT IPOP/views/default/editgvpn.html: 0
[2015-06-27 00:56:41] EDIT IPOP/views/default/editgvpn.html: 0
[2015-06-27 00:56:44] EDIT IPOP/views/default/editgvpn.html: 0
[2015-06-27 00:56:59] EDIT IPOP/controllers/default.py: 2
[2015-06-27 00:57:04] EDIT IPOP/controllers/default.py: 0
[2015-06-27 00:57:36] EDIT IPOP/controllers/default.py: 0
[2015-06-27 00:58:07] EDIT IPOP/controllers/default.py: 0
[2015-06-27 00:58:18] EDIT IPOP/controllers/default.py: 1
[2015-06-27 00:58:24] EDIT IPOP/controllers/default.py: 0
[2015-06-27 00:58:25] EDIT IPOP/controllers/default.py: 0
[2015-06-27 00:58:34] EDIT IPOP/views/default/editgvpn.html: 0
[2015-06-27 00:58:51] EDIT IPOP/views/default/editgvpn.html: -1
[2015-06-27 00:58:55] EDIT IPOP/views/default/editgvpn.html: 0
[2015-06-27 00:59:51] EDIT IPOP/views/default/editgvpn.html: 0
[2015-06-27 01:00:06] EDIT IPOP/controllers/default.py: 1
[2015-06-27 01:00:37] EDIT IPOP/controllers/default.py: 0
[2015-06-27 01:01:25] EDIT IPOP/controllers/default.py: -1
[2015-06-27 01:01:43] EDIT IPOP/controllers/default.py: -1
[2015-06-27 01:03:00] EDIT IPOP/modules/serverxmpp.py: 1
[2015-06-27 01:03:38] EDIT IPOP/modules/serverxmpp.py: 1
[2015-06-27 01:35:36] EDIT IPOP/modules/serverxmpp.py: 0
[2015-06-27 01:35:37] EDIT IPOP/modules/serverxmpp.py: 0
[2015-06-27 01:35:48] EDIT IPOP/modules/serverxmpp.py: 0
[2015-06-27 01:36:01] EDIT IPOP/controllers/default.py: 0
[2015-06-27 10:32:56] EDIT IPOP/controllers/default.py: -1
[2015-06-27 10:32:59] EDIT IPOP/controllers/default.py: 0
[2015-06-27 10:33:47] EDIT IPOP/controllers/default.py: 1
[2015-06-28 01:08:20] EDIT IPOP/views/default/index.html: 0
[2015-06-28 01:08:30] EDIT IPOP/views/default/index.html: 0
[2015-06-28 01:08:32] EDIT IPOP/views/default/index.html: 0
[2015-06-28 03:32:24] EDIT IPOP/controllers/default.py: 0
[2015-06-28 03:35:06] EDIT IPOP/controllers/default.py: 0
[2015-06-28 03:35:11] EDIT IPOP/controllers/default.py: 0
[2015-06-28 03:35:23] EDIT IPOP/controllers/default.py: 0
[2015-06-28 03:35:26] EDIT IPOP/controllers/default.py: 0
[2015-06-28 03:35:28] EDIT IPOP/controllers/default.py: 0
[2015-06-28 03:37:47] EDIT IPOP/controllers/default.py: 0
[2015-06-28 03:37:48] EDIT IPOP/controllers/default.py: 0
[2015-06-28 12:30:34] EDIT IPOP/views/default/editgvpn.html: 0
[2015-06-28 12:30:37] EDIT IPOP/views/default/editgvpn.html: 0
[2015-06-28 21:36:50] EDIT IPOP/views/default/editgvpn.html: 1
[2015-06-28 21:36:55] EDIT IPOP/views/default/editgvpn.html: 0
[2015-06-28 21:43:05] EDIT IPOP/views/default/editgvpn.html: 0
[2015-06-28 21:44:10] EDIT IPOP/views/default/editgvpn.html: 0
[2015-06-28 21:44:11] EDIT IPOP/views/default/editgvpn.html: 0
[2015-06-28 21:46:28] EDIT IPOP/models/db.py: 0
[2015-06-28 21:49:35] EDIT IPOP/views/default/editgvpn.html: -1
[2015-06-28 21:49:54] EDIT IPOP/views/default/editgvpn.html: 0
[2015-06-28 21:49:55] EDIT IPOP/views/default/editgvpn.html: 0
[2015-06-28 21:50:01] EDIT IPOP/views/default/editgvpn.html: 0
[2015-06-28 21:50:02] EDIT IPOP/views/default/editgvpn.html: 0
[2015-06-28 21:50:32] EDIT IPOP/views/default/editgvpn.html: -1
[2015-06-28 21:50:49] EDIT IPOP/views/default/editgvpn.html: 1
[2015-06-28 21:52:09] EDIT IPOP/views/default/editgvpn.html: 1
[2015-06-28 21:52:16] EDIT IPOP/views/default/editgvpn.html: 0
[2015-06-28 22:02:41] EDIT IPOP/views/default/editgvpn.html: 0
[2015-06-28 22:02:42] EDIT IPOP/views/default/editgvpn.html: 0
[2015-06-30 22:47:35] EDIT IPOP/controllers/default.py: 0
[2015-06-30 22:48:03] EDIT IPOP/controllers/default.py: 1
[2015-06-30 22:48:14] EDIT IPOP/controllers/default.py: 0
[2015-06-30 22:48:52] EDIT IPOP/controllers/default.py: 0
[2015-06-30 23:30:45] EDIT IPOP/controllers/default.py: 0
[2015-06-30 23:30:51] EDIT IPOP/controllers/default.py: 0
[2015-06-30 23:30:56] EDIT IPOP/controllers/default.py: 0
[2015-06-30 23:30:57] EDIT IPOP/controllers/default.py: 0
[2015-06-30 23:31:11] EDIT IPOP/controllers/default.py: 0
[2015-06-30 23:34:07] EDIT IPOP/controllers/default.py: 0
[2015-07-01 02:36:04] EDIT IPOP/views/default/editgvpn.html: 0
[2015-07-01 02:36:36] EDIT IPOP/views/default/editgvpn.html: 0
[2015-07-01 02:36:53] EDIT IPOP/views/default/editgvpn.html: 0
[2015-07-02 00:21:06] EDIT IPOP/controllers/default.py: 0
[2015-07-02 00:21:17] EDIT IPOP/controllers/default.py: 0
[2015-07-02 00:21:24] EDIT IPOP/controllers/default.py: 0
[2015-07-06 00:01:49] CREATE default/login.html: 0
[2015-07-06 00:01:57] EDIT IPOP/views/default/login.html: -1
[2015-07-06 00:11:40] DELETE IPOP/views/default/user.html: -31
[2015-07-06 00:16:54] EDIT IPOP/views/default/login.html: 6
[2015-07-06 00:17:10] EDIT IPOP/controllers/default.py: 0
[2015-07-06 00:17:38] EDIT IPOP/views/default/login.html: -6
[2015-07-06 00:17:42] EDIT IPOP/controllers/default.py: 0
[2015-07-06 00:19:17] EDIT IPOP/controllers/default.py: 0
[2015-07-06 00:43:27] EDIT IPOP/controllers/default.py: 0
[2015-07-06 00:44:47] EDIT IPOP/controllers/default.py: 0
[2015-07-06 00:50:32] EDIT IPOP/controllers/default.py: 3
[2015-07-06 00:56:04] EDIT IPOP/views/default/login.html: 1
[2015-07-06 00:56:27] EDIT IPOP/views/default/login.html: 5
[2015-07-06 00:58:19] EDIT IPOP/controllers/default.py: 0
[2015-07-06 00:58:23] EDIT IPOP/controllers/default.py: 0
[2015-07-06 00:58:26] EDIT IPOP/controllers/default.py: 0
[2015-07-06 01:00:02] EDIT IPOP/controllers/default.py: -1
[2015-07-06 01:00:08] EDIT IPOP/controllers/default.py: 0
[2015-07-06 01:00:36] EDIT IPOP/views/default/login.html: -5
[2015-07-06 01:00:55] EDIT IPOP/controllers/default.py: 0
[2015-07-06 01:01:24] EDIT IPOP/controllers/default.py: 0
[2015-07-06 01:01:28] EDIT IPOP/controllers/default.py: 0
[2015-07-06 01:01:36] EDIT IPOP/controllers/default.py: 1
[2015-07-06 01:01:47] EDIT IPOP/controllers/default.py: 0
[2015-07-06 01:01:49] EDIT IPOP/controllers/default.py: 0
[2015-07-06 01:01:56] EDIT IPOP/controllers/default.py: 0
[2015-07-06 01:02:25] EDIT IPOP/controllers/default.py: 0
[2015-07-06 01:02:31] EDIT IPOP/controllers/default.py: -1
[2015-07-06 01:02:35] EDIT IPOP/controllers/default.py: 0
[2015-07-06 01:03:02] EDIT IPOP/controllers/default.py: 1
[2015-07-06 01:03:31] EDIT IPOP/controllers/default.py: 0
[2015-07-06 01:03:55] EDIT IPOP/controllers/default.py: 0
[2015-07-06 01:04:14] EDIT IPOP/controllers/default.py: 1
[2015-07-06 01:10:12] EDIT IPOP/controllers/default.py: 0
[2015-07-06 01:10:14] EDIT IPOP/controllers/default.py: 0
[2015-07-06 01:10:51] EDIT IPOP/controllers/default.py: 0
[2015-07-06 01:11:41] EDIT IPOP/controllers/default.py: 0
[2015-07-06 01:12:03] EDIT IPOP/controllers/default.py: 0
[2015-07-06 01:13:09] EDIT IPOP/controllers/default.py: 0
[2015-07-06 01:14:26] EDIT IPOP/controllers/default.py: 2
[2015-07-06 01:14:28] EDIT IPOP/controllers/default.py: 0
[2015-07-06 01:14:44] EDIT IPOP/controllers/default.py: 0
[2015-07-06 01:14:54] EDIT IPOP/controllers/default.py: 0
[2015-07-06 01:14:55] EDIT IPOP/controllers/default.py: 0
[2015-07-06 01:15:29] EDIT IPOP/controllers/default.py: 0
[2015-07-06 01:15:56] EDIT IPOP/controllers/default.py: 0
[2015-07-06 01:16:20] EDIT IPOP/controllers/default.py: -2
[2015-07-06 01:16:40] EDIT IPOP/views/layout.html: 2
[2015-07-06 01:16:48] EDIT IPOP/views/layout.html: 2
[2015-07-06 01:17:01] EDIT IPOP/views/layout.html: 0
[2015-07-06 01:17:15] EDIT IPOP/views/layout.html: -4
[2015-07-06 01:17:45] EDIT IPOP/views/layout.html: 0
[2015-07-06 01:19:00] EDIT IPOP/views/layout.html: 0
[2015-07-06 01:20:06] EDIT IPOP/views/layout.html: 3
[2015-07-06 01:20:35] EDIT IPOP/views/layout.html: 0
[2015-07-06 01:22:10] EDIT IPOP/views/layout.html: 0
[2015-07-06 01:22:49] EDIT IPOP/views/layout.html: 0
[2015-07-06 01:23:17] EDIT IPOP/views/layout.html: 0
[2015-07-06 01:23:27] EDIT IPOP/views/layout.html: 0
[2015-07-06 01:24:38] EDIT IPOP/controllers/default.py: 0
[2015-07-06 01:24:40] EDIT IPOP/controllers/default.py: 0
[2015-07-11 20:06:44] CREATE js/d3graph.js: 0
[2015-07-11 20:09:29] EDIT IPOP/static/js/d3graph.js: 3
[2015-07-11 20:10:24] EDIT IPOP/static/js/d3graph.js: 0
[2015-07-11 20:10:28] EDIT IPOP/static/js/d3graph.js: 3
[2015-07-11 20:10:31] EDIT IPOP/static/js/d3graph.js: 0
[2015-07-11 20:10:34] EDIT IPOP/static/js/d3graph.js: 0
[2015-07-11 20:10:41] EDIT IPOP/static/js/d3graph.js: 0
[2015-07-11 20:10:53] EDIT IPOP/static/js/d3graph.js: 0
[2015-07-11 20:11:27] EDIT IPOP/static/js/d3graph.js: 0
[2015-07-11 20:11:31] EDIT IPOP/static/js/d3graph.js: 0
[2015-07-11 20:12:14] EDIT IPOP/static/js/d3graph.js: 83
[2015-07-11 20:12:46] EDIT IPOP/static/js/d3graph.js: 1
[2015-07-11 20:13:42] EDIT IPOP/static/js/d3graph.js: 0
[2015-07-11 20:15:31] EDIT IPOP/static/js/d3graph.js: 0
[2015-07-11 20:17:23] CREATE css/d3graph.css: 0
[2015-07-11 20:17:26] EDIT IPOP/static/css/d3graph.css: 18
[2015-07-11 20:17:47] EDIT IPOP/static/js/d3graph.js: 2
[2015-07-11 20:18:08] EDIT IPOP/static/js/d3graph.js: 2
[2015-07-11 20:19:55] EDIT IPOP/static/js/d3graph.js: 2
[2015-07-11 20:21:09] CREATE default/getgraph.html: 0
[2015-07-11 20:23:54] EDIT IPOP/static/js/d3graph.js: 4
[2015-07-11 20:23:58] EDIT IPOP/static/js/d3graph.js: 0
[2015-07-11 20:24:07] EDIT IPOP/static/js/d3graph.js: 0
[2015-07-11 20:24:12] EDIT IPOP/static/js/d3graph.js: 0
[2015-07-11 20:24:21] EDIT IPOP/static/js/d3graph.js: 0
[2015-07-11 20:26:23] EDIT IPOP/views/default/getgraph.html: 1
[2015-07-11 20:27:22] EDIT IPOP/views/default/getgraph.html: 1
[2015-07-11 20:27:34] EDIT IPOP/views/default/getgraph.html: 0
[2015-07-11 20:27:38] EDIT IPOP/views/default/getgraph.html: 0
[2015-07-11 20:28:07] EDIT IPOP/views/default/getgraph.html: 0
[2015-07-11 20:28:34] EDIT IPOP/static/js/d3graph.js: 0
[2015-07-11 20:28:43] EDIT IPOP/views/default/getgraph.html: 6
[2015-07-11 20:29:11] EDIT IPOP/views/default/getgraph.html: 6
[2015-07-11 20:29:26] EDIT IPOP/static/js/d3graph.js: 1
[2015-07-11 20:29:41] EDIT IPOP/static/js/d3graph.js: 0
[2015-07-11 20:30:01] EDIT IPOP/views/default/getgraph.html: -2
[2015-07-11 20:30:08] EDIT IPOP/views/default/getgraph.html: 0
[2015-07-11 20:30:15] EDIT IPOP/views/default/getgraph.html: 0
[2015-07-11 20:30:49] EDIT IPOP/views/default/getgraph.html: 0
[2015-07-11 20:31:01] EDIT IPOP/views/default/getgraph.html: 0
[2015-07-11 20:31:04] EDIT IPOP/views/default/getgraph.html: 0
[2015-07-11 20:32:16] EDIT IPOP/views/default/getgraph.html: 0
[2015-07-11 20:32:17] EDIT IPOP/views/default/getgraph.html: 0
[2015-07-11 20:33:06] EDIT IPOP/views/default/getgraph.html: 1
[2015-07-11 20:34:01] EDIT IPOP/views/default/getgraph.html: 0
[2015-07-11 20:34:39] EDIT IPOP/views/default/getgraph.html: -1
[2015-07-11 20:34:53] EDIT IPOP/static/js/d3graph.js: 1
[2015-07-11 20:35:08] EDIT IPOP/static/js/d3graph.js: 1
[2015-07-11 20:35:24] EDIT IPOP/static/js/d3graph.js: 0
[2015-07-11 20:35:36] EDIT IPOP/static/js/d3graph.js: -1
[2015-07-11 20:36:01] EDIT IPOP/views/default/getgraph.html: 1
[2015-07-11 20:36:11] EDIT IPOP/views/default/getgraph.html: 0
[2015-07-11 20:36:20] EDIT IPOP/views/default/getgraph.html: 1
[2015-07-11 20:37:10] EDIT IPOP/views/default/getgraph.html: -1
[2015-07-11 20:37:29] EDIT IPOP/views/default/getgraph.html: 0
[2015-07-11 20:37:46] EDIT IPOP/views/default/getgraph.html: 0
[2015-07-11 20:37:50] EDIT IPOP/views/default/getgraph.html: 0
[2015-07-11 20:38:00] EDIT IPOP/views/default/getgraph.html: 0
[2015-07-11 20:38:02] EDIT IPOP/views/default/getgraph.html: 0
[2015-07-11 20:38:20] EDIT IPOP/views/default/getgraph.html: 0
[2015-07-11 20:38:42] EDIT IPOP/views/default/getgraph.html: 1
[2015-07-11 20:38:46] EDIT IPOP/views/default/getgraph.html: 0
[2015-07-11 20:39:01] EDIT IPOP/views/default/getgraph.html: -1
[2015-07-11 20:39:06] EDIT IPOP/views/default/getgraph.html: 0
[2015-07-11 20:39:28] EDIT IPOP/views/default/getgraph.html: 1
[2015-07-11 20:40:11] EDIT IPOP/views/default/getgraph.html: -2
[2015-07-11 20:40:30] EDIT IPOP/views/default/getgraph.html: 0
[2015-07-11 20:42:38] EDIT IPOP/views/default/getgraph.html: -1
[2015-07-11 20:43:33] EDIT IPOP/views/default/getgraph.html: 0
[2015-07-11 20:43:40] EDIT IPOP/views/default/getgraph.html: 0
[2015-07-11 20:43:56] EDIT IPOP/static/js/d3graph.js: -1
[2015-07-11 20:47:24] EDIT IPOP/static/js/d3graph.js: -1
[2015-07-11 20:48:28] EDIT IPOP/static/js/d3graph.js: 0
[2015-07-11 20:48:41] EDIT IPOP/views/default/getgraph.html: 0
[2015-07-11 20:48:43] EDIT IPOP/views/default/getgraph.html: 0
[2015-07-11 20:49:11] EDIT IPOP/static/js/d3graph.js: 1
[2015-07-11 20:49:24] EDIT IPOP/views/default/getgraph.html: 0
[2015-07-11 20:49:27] EDIT IPOP/views/default/getgraph.html: 0
[2015-07-11 20:49:38] EDIT IPOP/views/default/getgraph.html: 0
[2015-07-11 20:49:50] EDIT IPOP/static/js/d3graph.js: 0
[2015-07-11 20:50:26] EDIT IPOP/static/js/d3graph.js: 0
[2015-07-11 20:50:50] EDIT IPOP/static/js/d3graph.js: 0
[2015-07-11 20:51:05] EDIT IPOP/views/default/getgraph.html: 1
[2015-07-11 20:51:06] EDIT IPOP/views/default/getgraph.html: 0
[2015-07-11 20:51:20] EDIT IPOP/static/js/d3graph.js: 2
[2015-07-11 20:51:37] EDIT IPOP/static/js/d3graph.js: -1
[2015-07-11 20:51:54] EDIT IPOP/static/js/d3graph.js: 0
[2015-07-11 20:51:57] EDIT IPOP/static/js/d3graph.js: 0
[2015-07-11 20:52:22] EDIT IPOP/static/js/d3graph.js: 0
[2015-07-11 20:52:24] EDIT IPOP/static/js/d3graph.js: -1
[2015-07-11 20:52:25] EDIT IPOP/static/js/d3graph.js: 0
[2015-07-11 20:52:25] EDIT IPOP/static/js/d3graph.js: 0
[2015-07-11 20:52:35] EDIT IPOP/views/default/getgraph.html: 0
[2015-07-11 20:52:37] EDIT IPOP/views/default/getgraph.html: 0
[2015-07-11 20:52:58] EDIT IPOP/static/js/d3graph.js: -1
[2015-07-11 20:53:42] EDIT IPOP/static/js/d3graph.js: 1
[2015-07-11 20:53:58] EDIT IPOP/static/js/d3graph.js: 0
[2015-07-11 20:54:16] EDIT IPOP/static/js/d3graph.js: 0
[2015-07-11 20:54:27] EDIT IPOP/static/js/d3graph.js: -1
[2015-07-11 20:55:32] EDIT IPOP/static/js/d3graph.js: 1
[2015-07-11 20:55:35] EDIT IPOP/static/js/d3graph.js: 0
[2015-07-11 20:55:45] EDIT IPOP/views/default/getgraph.html: 0
[2015-07-11 20:55:47] EDIT IPOP/views/default/getgraph.html: 0
[2015-07-11 20:55:48] EDIT IPOP/views/default/getgraph.html: 0
[2015-07-11 20:56:22] EDIT IPOP/views/default/getgraph.html: 1
[2015-07-11 20:56:36] EDIT IPOP/views/default/getgraph.html: -1
[2015-07-11 20:58:31] EDIT IPOP/views/default/getgraph.html: 2
[2015-07-11 20:58:45] EDIT IPOP/views/default/getgraph.html: 1
[2015-07-11 20:58:56] EDIT IPOP/views/default/getgraph.html: 0
[2015-07-11 20:59:08] EDIT IPOP/views/default/getgraph.html: 0
[2015-07-11 20:59:26] EDIT IPOP/views/default/getgraph.html: 0
[2015-07-11 20:59:57] EDIT IPOP/views/default/getgraph.html: -2
[2015-07-11 21:00:29] EDIT IPOP/views/default/getgraph.html: 0
[2015-07-11 21:01:58] EDIT IPOP/views/default/getgraph.html: 2
[2015-07-11 21:02:23] EDIT IPOP/views/default/getgraph.html: 0
[2015-07-11 21:02:24] EDIT IPOP/views/default/getgraph.html: 0
[2015-07-11 21:04:08] CREATE js/d3.tip.v0.6.3.js: 0
[2015-07-11 21:04:16] EDIT IPOP/static/js/d3.tip.v0.6.3.js: 242
[2015-07-11 21:04:58] CREATE js/d3.min.js: 0
[2015-07-11 21:05:10] EDIT IPOP/static/js/d3.min.js: 5
[2015-07-11 21:05:36] EDIT IPOP/views/default/getgraph.html: 0
[2015-07-11 21:05:44] EDIT IPOP/views/default/getgraph.html: 0
[2015-07-11 21:06:13] EDIT IPOP/static/js/d3graph.js: 1
[2015-07-11 21:06:24] EDIT IPOP/static/js/d3graph.js: -7
[2015-07-11 21:06:32] EDIT IPOP/static/js/d3graph.js: 0
[2015-07-11 21:06:40] EDIT IPOP/views/default/getgraph.html: 0
[2015-07-11 21:06:42] EDIT IPOP/views/default/getgraph.html: 0
[2015-07-11 21:07:15] EDIT IPOP/views/default/getgraph.html: -2
[2015-07-11 21:07:57] EDIT IPOP/views/default/getgraph.html: 1
[2015-07-11 21:08:13] EDIT IPOP/views/default/getgraph.html: 0
[2015-07-11 21:08:49] EDIT IPOP/views/default/getgraph.html: 0
[2015-07-11 21:08:53] EDIT IPOP/views/default/getgraph.html: 0
[2015-07-11 21:08:54] EDIT IPOP/views/default/getgraph.html: 0
[2015-07-11 21:09:10] EDIT IPOP/views/default/getgraph.html: -1
[2015-07-11 21:09:34] EDIT IPOP/static/js/d3graph.js: 0
[2015-07-11 21:09:38] EDIT IPOP/static/js/d3graph.js: 0
[2015-07-11 21:10:16] EDIT IPOP/views/default/getgraph.html: -1
[2015-07-11 21:10:29] EDIT IPOP/views/default/getgraph.html: 1
[2015-07-11 21:10:40] EDIT IPOP/views/default/getgraph.html: 3
[2015-07-11 21:10:44] EDIT IPOP/views/default/getgraph.html: 0
[2015-07-11 21:10:46] EDIT IPOP/views/default/getgraph.html: 0
[2015-07-11 21:10:49] EDIT IPOP/views/default/getgraph.html: 0
[2015-07-11 21:18:01] EDIT IPOP/views/default/getgraph.html: 0
[2015-07-11 21:25:51] EDIT IPOP/models/db.py: 3
[2015-07-11 21:26:13] EDIT IPOP/models/db.py: 1
[2015-07-11 21:32:34] EDIT IPOP/models/db.py: 0
[2015-07-11 21:33:06] EDIT IPOP/models/db.py: 0
[2015-07-11 21:33:17] EDIT IPOP/models/db.py: 0
[2015-07-11 21:36:17] EDIT IPOP/models/db.py: 0
[2015-07-11 21:36:19] EDIT IPOP/models/db.py: 0
